17:29:52.246 [main                     ] DEBUG Logger               - Configured Logger
17:29:52.277 [main                     ] DEBUG GameApplication      - Logging settings
Title: Basic Game Sample
Version: 0.1
Width: 960
Height: 720
Fullscreen: false
Intro: false
Profiling: false
Single step:false
App Mode: DEVELOPER
Menu Key: ESCAPE
Stage Style: DECORATED
Scene Factory: class com.almasb.fxgl.app.scene.SceneFactory

17:29:52.539 [JavaFX Application Thread] DEBUG FXGLApplication      - Initializing FXGL
17:29:52.542 [JavaFX Application Thread] INFO  Engine               - FXGL-17.2 (20.08.2022 16.50) on WINDOWS (J:19.0.2 FX:17.0.6)
17:29:52.542 [JavaFX Application Thread] DEBUG Engine               - JRE Vendor Name: Amazon.com Inc.
17:29:52.542 [JavaFX Application Thread] DEBUG Engine               - Running on OS: Windows 11 version 10.0
17:29:52.543 [JavaFX Application Thread] DEBUG Engine               - Architecture: amd64
17:29:52.543 [JavaFX Application Thread] INFO  Engine               - Source code and latest versions at: https://github.com/AlmasB/FXGL
17:29:52.543 [JavaFX Application Thread] INFO  Engine               -       Ask questions and discuss at: https://github.com/AlmasB/FXGL/discussions
17:29:52.543 [JavaFX Application Thread] INFO  Engine               -              Join the FXGL chat at: https://gitter.im/AlmasB/FXGL
17:29:52.589 [JavaFX Application Thread] DEBUG PrimaryStageWindow   - Creating a JavaFX scene
17:29:52.613 [JavaFX Application Thread] DEBUG PrimaryStageWindow   - Target settings size: 960.0 x 720.0
17:29:52.613 [JavaFX Application Thread] DEBUG PrimaryStageWindow   - Scaled scene size:    960.0 x 720.0
17:29:52.613 [JavaFX Application Thread] DEBUG PrimaryStageWindow   - Scaled ratio: (1.0, 1.0)
17:29:52.614 [JavaFX Application Thread] DEBUG PrimaryStageWindow   - Set initial scene to FXGLStartupScene
17:29:52.617 [JavaFX Application Thread] DEBUG PrimaryStageWindow   - Opening main window
17:29:52.733 [JavaFX Application Thread] DEBUG PrimaryStageWindow   - Window border size: (13.0, 35.5)
17:29:52.733 [JavaFX Application Thread] DEBUG PrimaryStageWindow   - Scaled size: 960.0 x 720.0
17:29:52.734 [JavaFX Application Thread] DEBUG PrimaryStageWindow   - Scaled ratio: (1.0, 1.0)
17:29:52.734 [JavaFX Application Thread] DEBUG PrimaryStageWindow   - Scene size: 960.0 x 720.0
17:29:52.734 [JavaFX Application Thread] DEBUG PrimaryStageWindow   - Stage size: 973.0 x 755.5
17:29:52.739 [FXGL Background Thread 1 ] DEBUG Engine               - Initializing environment variables
17:29:52.776 [FXGL Background Thread 1 ] DEBUG FXGLAssetLoaderServi - User app class for loading assets: class com.TianYaNing.BasicGameSample.BasicGameSample
17:29:52.776 [FXGL Background Thread 1 ] DEBUG GameApplicationServi - Applying CSS: fxgl_dark.css
17:29:52.777 [FXGL Background Thread 1 ] DEBUG FXGLAssetLoaderServi - Loading from file system: jar:file:///C:/Users/23653/.m2/repository/com/github/almasb/fxgl/17.2/fxgl-17.2.jar!/fxglassets/ui/css/fxgl_dark.css
17:29:52.814 [FXGL Background Thread 1 ] DEBUG GameApplicationServi - Initializing application scenes
17:29:52.878 [FXGL Background Thread 1 ] DEBUG GameWorld            - Game world initialized
17:29:52.932 [FXGL Background Thread 1 ] DEBUG PhysicsWorld         - Physics world initialized: appHeight=720, physics.ppm=50.0
17:29:52.932 [FXGL Background Thread 1 ] DEBUG PhysicsWorld         - Using strategy: BRUTE_FORCE
17:29:52.936 [FXGL Background Thread 1 ] DEBUG GameScene            - Game scene initialized: 960x720
17:29:52.943 [FXGL Background Thread 1 ] DEBUG FXGL.DefaultMenu     - createMenuBodyGameMenu()
17:29:52.950 [FXGL Background Thread 1 ] DEBUG FXGL.DefaultMenu     - createOptionsMenu()
17:29:52.959 [FXGL Background Thread 1 ] DEBUG FXGLAssetLoaderServi - Loading from file system: jar:file:///C:/Users/23653/.m2/repository/com/github/almasb/fxgl/17.2/fxgl-17.2.jar!/fxglassets/textures/particles/smoke.png
17:29:53.036 [FXGL Background Thread 1 ] DEBUG FXGLAssetLoaderServi - Loading from file system: jar:file:///C:/Users/23653/.m2/repository/com/github/almasb/fxgl/17.2/fxgl-17.2.jar!/fxglassets/textures/particles/trace_horizontal.png
17:29:53.056 [FXGL Background Thread 1 ] DEBUG GameApplicationServi - Application scenes initialized
17:29:53.063 [FXGL Background Thread 1 ] DEBUG SystemBundleService  - Loading FXGL system data
17:29:53.066 [FXGL Background Thread 1 ] DEBUG FileSystemAccess     - Reading from: D:\JAVA结课作业\PlantFlowers\system\fxgl.bundle
17:29:53.073 [FXGL Background Thread 1 ] DEBUG SystemBundleService  - Bundle FXGL: {}
17:29:53.073 [FXGL Background Thread 1 ] DEBUG UpdaterService       - Checking for updates
17:29:53.075 [FXGL Background Thread 4 ] DEBUG FXGLApplication      - Loading fonts
17:29:53.076 [FXGL Background Thread 4 ] DEBUG FXGLAssetLoaderServi - Loading from file system: jar:file:///C:/Users/23653/.m2/repository/com/github/almasb/fxgl/17.2/fxgl-17.2.jar!/fxglassets/ui/fonts/VarelaRound-Regular.ttf
17:29:53.076 [FXGL Background Thread 1 ] DEBUG FXGLApplication      - Loading default localization
17:29:53.077 [FXGL Background Thread 1 ] DEBUG FXGLAssetLoaderServi - Loading from file system: jar:file:///C:/Users/23653/.m2/repository/com/github/almasb/fxgl/17.2/fxgl-17.2.jar!/fxglassets/languages/english.lang
17:29:53.102 [FXGL Background Thread 1 ] INFO  FXGLApplication      - FXGL initialization took: 0.362 sec
17:29:53.114 [JavaFX Application Thread] DEBUG Input                - Registered new binding: up - W
17:29:53.114 [JavaFX Application Thread] DEBUG Input                - Registered new binding: down - S
17:29:53.114 [JavaFX Application Thread] DEBUG Input                - Registered new binding: left - A
17:29:53.114 [JavaFX Application Thread] DEBUG Input                - Registered new binding: right - D
17:29:53.115 [JavaFX Application Thread] DEBUG FXGLAssetLoaderServi - Loading from file system: file:/D:/JAVA结课作业/PlantFlowers/demo/target/classes/assets/music/森林狂想曲.mp3
17:29:53.137 [FXGL Background Thread 4 ] DEBUG FXGLAssetLoaderServi - Loading from file system: jar:file:///C:/Users/23653/.m2/repository/com/github/almasb/fxgl/17.2/fxgl-17.2.jar!/fxglassets/ui/fonts/Abel-Regular.ttf
17:29:53.140 [FXGL Background Thread 4 ] DEBUG FXGLAssetLoaderServi - Loading from file system: jar:file:///C:/Users/23653/.m2/repository/com/github/almasb/fxgl/17.2/fxgl-17.2.jar!/fxglassets/ui/fonts/TerminalLandMono-Regular.otf
17:29:53.142 [FXGL Background Thread 4 ] DEBUG FXGLAssetLoaderServi - Loading from file system: jar:file:///C:/Users/23653/.m2/repository/com/github/almasb/fxgl/17.2/fxgl-17.2.jar!/fxglassets/ui/fonts/Courier-Prime.ttf
17:29:53.246 [JavaFX Application Thread] DEBUG AudioPlayer          - Playing music com.almasb.fxgl.audio.Music@2c1f8790
17:29:53.247 [JavaFX Application Thread] DEBUG FXGLAssetLoaderServi - Loading from file system: jar:file:///C:/Users/23653/.m2/repository/com/github/almasb/fxgl/17.2/fxgl-17.2.jar!/fxglassets/textures/fxgl_icon.png
17:29:53.261 [JavaFX Application Thread] DEBUG FXGLAssetLoaderServi - Loading from file system: jar:file:///C:/Users/23653/.m2/repository/com/github/almasb/fxgl/17.2/fxgl-17.2.jar!/fxglassets/textures/fxgl_default_cursor.png
17:29:53.264 [JavaFX Application Thread] DEBUG Input                - Registered new binding: Screenshot - CTRL+8
17:29:53.264 [JavaFX Application Thread] DEBUG Input                - Registered new binding: System info dump - CTRL+9
17:29:53.264 [JavaFX Application Thread] DEBUG Input                - Registered new binding: Restart - CTRL+R
17:29:53.265 [JavaFX Application Thread] DEBUG Input                - Registered new binding: Toggle Debug Camera - CTRL+7
17:29:53.266 [JavaFX Application Thread] DEBUG LoopRunner           - Starting loop
17:29:53.266 [JavaFX Application Thread] DEBUG LoopRunner           - Initializing JavaFX AnimationTimerLoop
17:29:53.267 [JavaFX Application Thread] DEBUG GameApplicationServi - Starting new game
17:29:53.268 [JavaFX Application Thread] DEBUG Input                - Clearing active input actions
17:29:53.279 [JavaFX Application Thread] DEBUG GameApplicationServi - Removing overlay from FXGLStartupScene and adding to FXGLLoadingScene
17:29:53.280 [JavaFX Application Thread] DEBUG PrimaryStageWindow   - FXGLStartupScene -> FXGLLoadingScene
17:29:53.280 [JavaFX Application Thread] DEBUG GameApplicationServi - Clearing previous game
17:29:53.280 [JavaFX Application Thread] DEBUG GameScene            - Clearing game scene
17:29:53.280 [JavaFX Application Thread] DEBUG GameWorld            - Clearing game world
17:29:53.280 [JavaFX Application Thread] DEBUG PhysicsWorld         - Clearing physics world
17:29:53.281 [FXGL Background Thread 4 ] DEBUG FXGLApplication      - Initializing game
17:29:53.284 [JavaFX Application Thread] DEBUG FXGLApplication      - Registering font factories with UI factory
17:29:53.307 [FXGL Background Thread 4 ] WARN  TMXLevelLoader       - TiledMap generated from 1.10.2. Supported version: 1.9.0. Some features may not be parsed fully.
17:29:53.314 [FXGL Background Thread 4 ] DEBUG TMXLevelLoader       - Parsed TiledMap: file:/D:/JAVA结课作业/PlantFlowers/demo/target/classes/assets/levels/tmx/地图3.tmx
17:29:53.316 [FXGL Background Thread 4 ] DEBUG TMXLevelLoader       - Creating tile layer entities
17:29:53.317 [FXGL Background Thread 4 ] DEBUG TilesetLoader        - Loading view for layer 图块层 1
17:29:53.320 [FXGL Background Thread 4 ] DEBUG TilesetLoader        - Created buffer with size 960.0x720.0
17:29:53.329 [FXGL Background Thread 4 ] DEBUG TMXLevelLoader       - Creating object layer entities
17:29:53.383 [FXGL Background Thread 4 ] DEBUG GameWorld            - Clearing removable entities
17:29:53.387 [FXGL Background Thread 4 ] DEBUG GameWorld            - Setting level: com.almasb.fxgl.entity.level.Level@5395fc39
17:29:53.461 [FXGL Background Thread 4 ] DEBUG FXGLAssetLoaderServi - Loading from file system: file:/D:/JAVA结课作业/PlantFlowers/demo/target/classes/assets/textures/player.PNG
17:29:53.472 [FXGL Background Thread 4 ] INFO  FXGLApplication      - Game initialization took: 0.191 sec
17:29:53.475 [JavaFX Application Thread] DEBUG Input                - Clearing active input actions
17:29:53.489 [JavaFX Application Thread] DEBUG GameApplicationServi - Removing overlay from FXGLLoadingScene and adding to GameScene
17:29:53.489 [JavaFX Application Thread] DEBUG PrimaryStageWindow   - FXGLLoadingScene -> GameScene
17:29:54.608 [FXGL Background Thread 2 ] INFO  UpdaterService       - Your current version:  17.2
17:29:54.609 [FXGL Background Thread 2 ] INFO  UpdaterService       - Latest stable version: 21
17:29:54.666 [JavaFX Application Thread] DEBUG PrimaryStageWindow   - Push state: IdentityScene
17:29:54.666 [JavaFX Application Thread] DEBUG Input                - Clearing active input actions
17:29:54.667 [JavaFX Application Thread] DEBUG GameApplicationServi - Removing overlay from GameScene and adding to IdentityScene
17:29:54.668 [JavaFX Application Thread] DEBUG PrimaryStageWindow   - GameScene -> IdentityScene
17:29:55.831 [JavaFX Application Thread] DEBUG PrimaryStageWindow   - Pop state: IdentityScene
17:29:55.831 [JavaFX Application Thread] DEBUG Input                - Clearing active input actions
17:29:55.831 [JavaFX Application Thread] DEBUG GameApplicationServi - Removing overlay from IdentityScene and adding to GameScene
17:29:55.831 [JavaFX Application Thread] DEBUG PrimaryStageWindow   - GameScene <- IdentityScene
17:29:56.076 [FXGL Background Thread 3 ] DEBUG Engine               - Logging environment variables
17:29:56.077 [FXGL Background Thread 3 ] DEBUG Engine               - achievements: []
17:29:56.077 [FXGL Background Thread 3 ] DEBUG Engine               - actualHeight: 720.0
17:29:56.077 [FXGL Background Thread 3 ] DEBUG Engine               - actualHeightProperty: ReadOnlyDoubleProperty [value: 720.0]
17:29:56.077 [FXGL Background Thread 3 ] DEBUG Engine               - actualWidth: 960.0
17:29:56.077 [FXGL Background Thread 3 ] DEBUG Engine               - actualWidthProperty: ReadOnlyDoubleProperty [value: 960.0]
17:29:56.077 [FXGL Background Thread 3 ] DEBUG Engine               - appIcon: fxgl_icon.png
17:29:56.077 [FXGL Background Thread 3 ] DEBUG Engine               - applicationMode: DEVELOPER
17:29:56.077 [FXGL Background Thread 3 ] DEBUG Engine               - cSSList: [fxgl_dark.css]
17:29:56.077 [FXGL Background Thread 3 ] DEBUG Engine               - collisionDetectionStrategy: BRUTE_FORCE
17:29:56.077 [FXGL Background Thread 3 ] DEBUG Engine               - configClass: Optional.empty
17:29:56.077 [FXGL Background Thread 3 ] DEBUG Engine               - credits: []
17:29:56.077 [FXGL Background Thread 3 ] DEBUG Engine               - defaultCursor: CursorInfo(imageName=fxgl_default_cursor.png, hotspotX=7.0, hotspotY=6.0)
17:29:56.078 [FXGL Background Thread 3 ] DEBUG Engine               - devBBoxColorProperty: ObjectProperty [value: 0xff0000ff]
17:29:56.078 [FXGL Background Thread 3 ] DEBUG Engine               - devEnableDebugCameraProperty: BooleanProperty [value: false]
17:29:56.078 [FXGL Background Thread 3 ] DEBUG Engine               - devSensorColorProperty: ObjectProperty [value: 0xffff00ff]
17:29:56.078 [FXGL Background Thread 3 ] DEBUG Engine               - devShowBBoxProperty: BooleanProperty [value: false]
17:29:56.078 [FXGL Background Thread 3 ] DEBUG Engine               - devShowPositionProperty: BooleanProperty [value: false]
17:29:56.078 [FXGL Background Thread 3 ] DEBUG Engine               - enabledMenuItems: []
17:29:56.078 [FXGL Background Thread 3 ] DEBUG Engine               - engineServices: [class com.almasb.fxgl.app.services.FXGLAssetLoaderService, class com.almasb.fxgl.app.FXGLApplication$GameApplicationService, class com.almasb.fxgl.app.services.FXGLDialogService, class com.almasb.fxgl.app.services.IOTaskExecutorService, class com.almasb.fxgl.io.FileSystemService, class com.almasb.fxgl.localization.LocalizationService, class com.almasb.fxgl.app.services.SystemBundleService, class com.almasb.fxgl.profile.SaveLoadService, class com.almasb.fxgl.ui.FXGLUIFactoryServiceProvider, class com.almasb.fxgl.ui.FXGLDialogFactoryServiceProvider, class com.almasb.fxgl.audio.AudioPlayer, class com.almasb.fxgl.notification.impl.NotificationServiceProvider, class com.almasb.fxgl.achievement.AchievementService, class com.almasb.fxgl.cutscene.CutsceneService, class com.almasb.fxgl.minigames.MiniGameService, class com.almasb.fxgl.net.NetService, class com.almasb.fxgl.app.services.UpdaterService, class com.almasb.fxgl.dev.DevService]
17:29:56.078 [FXGL Background Thread 3 ] DEBUG Engine               - fontGame: Abel-Regular.ttf
17:29:56.078 [FXGL Background Thread 3 ] DEBUG Engine               - fontMono: TerminalLandMono-Regular.otf
17:29:56.078 [FXGL Background Thread 3 ] DEBUG Engine               - fontText: Courier-Prime.ttf
17:29:56.078 [FXGL Background Thread 3 ] DEBUG Engine               - fontUI: VarelaRound-Regular.ttf
17:29:56.078 [FXGL Background Thread 3 ] DEBUG Engine               - fullScreen: BooleanProperty [value: false]
17:29:56.078 [FXGL Background Thread 3 ] DEBUG Engine               - gameDifficulty: MEDIUM
17:29:56.078 [FXGL Background Thread 3 ] DEBUG Engine               - gameDifficultyProperty: ObjectProperty [value: MEDIUM]
17:29:56.078 [FXGL Background Thread 3 ] DEBUG Engine               - globalMusicVolume: 0.5
17:29:56.078 [FXGL Background Thread 3 ] DEBUG Engine               - globalMusicVolumeProperty: DoubleProperty [value: 0.5]
17:29:56.078 [FXGL Background Thread 3 ] DEBUG Engine               - globalSoundVolume: 0.5
17:29:56.078 [FXGL Background Thread 3 ] DEBUG Engine               - globalSoundVolumeProperty: DoubleProperty [value: 0.5]
17:29:56.078 [FXGL Background Thread 3 ] DEBUG Engine               - height: 720
17:29:56.079 [FXGL Background Thread 3 ] DEBUG Engine               - is3D: false
17:29:56.079 [FXGL Background Thread 3 ] DEBUG Engine               - isAndroid: false
17:29:56.081 [FXGL Background Thread 3 ] DEBUG Engine               - isBrowser: false
17:29:56.081 [FXGL Background Thread 3 ] DEBUG Engine               - isClickFeedbackEnabled: false
17:29:56.081 [FXGL Background Thread 3 ] DEBUG Engine               - isCloseConfirmation: false
17:29:56.081 [FXGL Background Thread 3 ] DEBUG Engine               - isDesktop: true
17:29:56.081 [FXGL Background Thread 3 ] DEBUG Engine               - isDeveloperMenuEnabled: false
17:29:56.081 [FXGL Background Thread 3 ] DEBUG Engine               - isEmbedded: false
17:29:56.081 [FXGL Background Thread 3 ] DEBUG Engine               - isEntityPreloadEnabled: true
17:29:56.081 [FXGL Background Thread 3 ] DEBUG Engine               - isExperimentalTiledLargeMap: false
17:29:56.081 [FXGL Background Thread 3 ] DEBUG Engine               - isFileSystemWriteAllowed: true
17:29:56.081 [FXGL Background Thread 3 ] DEBUG Engine               - isFullScreenAllowed: false
17:29:56.081 [FXGL Background Thread 3 ] DEBUG Engine               - isFullScreenFromStart: false
17:29:56.081 [FXGL Background Thread 3 ] DEBUG Engine               - isGameMenuEnabled: true
17:29:56.081 [FXGL Background Thread 3 ] DEBUG Engine               - isIOS: false
17:29:56.081 [FXGL Background Thread 3 ] DEBUG Engine               - isIntroEnabled: false
17:29:56.081 [FXGL Background Thread 3 ] DEBUG Engine               - isLinux: false
17:29:56.081 [FXGL Background Thread 3 ] DEBUG Engine               - isMac: false
17:29:56.081 [FXGL Background Thread 3 ] DEBUG Engine               - isMainMenuEnabled: false
17:29:56.081 [FXGL Background Thread 3 ] DEBUG Engine               - isManualResizeEnabled: false
17:29:56.081 [FXGL Background Thread 3 ] DEBUG Engine               - isMobile: false
17:29:56.082 [FXGL Background Thread 3 ] DEBUG Engine               - isNative: false
17:29:56.082 [FXGL Background Thread 3 ] DEBUG Engine               - isPauseMusicWhenMinimized: true
17:29:56.082 [FXGL Background Thread 3 ] DEBUG Engine               - isPreserveResizeRatio: false
17:29:56.082 [FXGL Background Thread 3 ] DEBUG Engine               - isProfilingEnabled: false
17:29:56.082 [FXGL Background Thread 3 ] DEBUG Engine               - isScaleAffectedOnResize: true
17:29:56.082 [FXGL Background Thread 3 ] DEBUG Engine               - isSingleStep: false
17:29:56.082 [FXGL Background Thread 3 ] DEBUG Engine               - isUserProfileEnabled: false
17:29:56.082 [FXGL Background Thread 3 ] DEBUG Engine               - isWindows: true
17:29:56.082 [FXGL Background Thread 3 ] DEBUG Engine               - language: ObjectProperty [value: ENGLISH]
17:29:56.082 [FXGL Background Thread 3 ] DEBUG Engine               - menuKey: ESCAPE
17:29:56.082 [FXGL Background Thread 3 ] DEBUG Engine               - mouseSensitivity: 0.2
17:29:56.082 [FXGL Background Thread 3 ] DEBUG Engine               - notificationViewClass: class com.almasb.fxgl.notification.view.XboxNotificationView
17:29:56.082 [FXGL Background Thread 3 ] DEBUG Engine               - pixelsPerMeter: 50.0
17:29:56.082 [FXGL Background Thread 3 ] DEBUG Engine               - platform: WINDOWS
17:29:56.082 [FXGL Background Thread 3 ] DEBUG Engine               - prefHeightProperty: ReadOnlyDoubleProperty [value: 720.0]
17:29:56.082 [FXGL Background Thread 3 ] DEBUG Engine               - prefWidthProperty: ReadOnlyDoubleProperty [value: 960.0]
17:29:56.082 [FXGL Background Thread 3 ] DEBUG Engine               - profileDir: profiles/
17:29:56.082 [FXGL Background Thread 3 ] DEBUG Engine               - profileName: StringProperty [value: DEFAULT]
17:29:56.082 [FXGL Background Thread 3 ] DEBUG Engine               - randomSeed: -1
17:29:56.082 [FXGL Background Thread 3 ] DEBUG Engine               - runtimeInfo: RuntimeInfo(platform=WINDOWS, version=17.2, build=20.08.2022 16.50)
17:29:56.082 [FXGL Background Thread 3 ] DEBUG Engine               - saveFileExt: sav
17:29:56.083 [FXGL Background Thread 3 ] DEBUG Engine               - scaledHeightProp$fxgl: DoubleProperty [bound, value: 720.0]
17:29:56.083 [FXGL Background Thread 3 ] DEBUG Engine               - scaledWidthProp$fxgl: DoubleProperty [bound, value: 960.0]
17:29:56.083 [FXGL Background Thread 3 ] DEBUG Engine               - sceneFactory: com.almasb.fxgl.app.scene.SceneFactory@20b7863c
17:29:56.083 [FXGL Background Thread 3 ] DEBUG Engine               - secondsIn24h: 60
17:29:56.083 [FXGL Background Thread 3 ] DEBUG Engine               - soundMenuBack: menu/back.wav
17:29:56.083 [FXGL Background Thread 3 ] DEBUG Engine               - soundMenuPress: menu/press.wav
17:29:56.083 [FXGL Background Thread 3 ] DEBUG Engine               - soundMenuSelect: menu/select.wav
17:29:56.083 [FXGL Background Thread 3 ] DEBUG Engine               - soundNotification: core/notification.wav
17:29:56.083 [FXGL Background Thread 3 ] DEBUG Engine               - stageStyle: DECORATED
17:29:56.083 [FXGL Background Thread 3 ] DEBUG Engine               - supportedLanguages: [ENGLISH, FRENCH, GERMAN, HUNGARIAN, RUSSIAN]
17:29:56.083 [FXGL Background Thread 3 ] DEBUG Engine               - ticksPerSecond: -1
17:29:56.083 [FXGL Background Thread 3 ] DEBUG Engine               - title: Basic Game Sample
17:29:56.083 [FXGL Background Thread 3 ] DEBUG Engine               - urlGithub: https://github.com/AlmasB/FXGL
17:29:56.083 [FXGL Background Thread 3 ] DEBUG Engine               - urlLeaderboard: http://fxgl-top.herokuapp.com/
17:29:56.083 [FXGL Background Thread 3 ] DEBUG Engine               - urlPOM: https://raw.githubusercontent.com/AlmasB/FXGL/release/README.md
17:29:56.083 [FXGL Background Thread 3 ] DEBUG Engine               - userAppClass: class com.TianYaNing.BasicGameSample.BasicGameSample
17:29:56.083 [FXGL Background Thread 3 ] DEBUG Engine               - version: 0.1
17:29:56.083 [FXGL Background Thread 3 ] DEBUG Engine               - versionCheckDays: 7
17:29:56.083 [FXGL Background Thread 3 ] DEBUG Engine               - width: 960
17:29:56.083 [FXGL Background Thread 3 ] DEBUG Engine               - Logging services
17:29:56.083 [FXGL Background Thread 3 ] DEBUG Engine               - class com.almasb.fxgl.app.services.FXGLAssetLoaderService
17:29:56.083 [FXGL Background Thread 3 ] DEBUG Engine               - class com.almasb.fxgl.app.FXGLApplication$GameApplicationService
17:29:56.083 [FXGL Background Thread 3 ] DEBUG Engine               - class com.almasb.fxgl.app.services.FXGLDialogService
17:29:56.083 [FXGL Background Thread 3 ] DEBUG Engine               - class com.almasb.fxgl.app.services.IOTaskExecutorService
17:29:56.083 [FXGL Background Thread 3 ] DEBUG Engine               - class com.almasb.fxgl.io.FileSystemService
17:29:56.083 [FXGL Background Thread 3 ] DEBUG Engine               - class com.almasb.fxgl.localization.LocalizationService
17:29:56.083 [FXGL Background Thread 3 ] DEBUG Engine               - class com.almasb.fxgl.app.services.SystemBundleService
17:29:56.083 [FXGL Background Thread 3 ] DEBUG Engine               - class com.almasb.fxgl.profile.SaveLoadService
17:29:56.083 [FXGL Background Thread 3 ] DEBUG Engine               - class com.almasb.fxgl.ui.FXGLUIFactoryServiceProvider
17:29:56.083 [FXGL Background Thread 3 ] DEBUG Engine               - class com.almasb.fxgl.ui.FXGLDialogFactoryServiceProvider
17:29:56.083 [FXGL Background Thread 3 ] DEBUG Engine               - class com.almasb.fxgl.audio.AudioPlayer
17:29:56.084 [FXGL Background Thread 3 ] DEBUG Engine               - class com.almasb.fxgl.notification.impl.NotificationServiceProvider
17:29:56.084 [FXGL Background Thread 3 ] DEBUG Engine               - class com.almasb.fxgl.achievement.AchievementService
17:29:56.084 [FXGL Background Thread 3 ] DEBUG Engine               - class com.almasb.fxgl.cutscene.CutsceneService
17:29:56.084 [FXGL Background Thread 3 ] DEBUG Engine               - class com.almasb.fxgl.minigames.MiniGameService
17:29:56.085 [FXGL Background Thread 3 ] DEBUG Engine               - class com.almasb.fxgl.net.NetService
17:29:56.085 [FXGL Background Thread 3 ] DEBUG Engine               - class com.almasb.fxgl.app.services.UpdaterService
17:29:56.085 [FXGL Background Thread 3 ] DEBUG Engine               - class com.almasb.fxgl.dev.DevService
17:29:57.706 [JavaFX Application Thread] DEBUG PrimaryStageWindow   - Push state: ShopScene
17:29:57.706 [JavaFX Application Thread] DEBUG Input                - Clearing active input actions
17:29:57.706 [JavaFX Application Thread] DEBUG GameApplicationServi - Removing overlay from GameScene and adding to ShopScene
17:29:57.707 [JavaFX Application Thread] DEBUG PrimaryStageWindow   - GameScene -> ShopScene
17:30:03.317 [JavaFX Application Thread] DEBUG PrimaryStageWindow   - Pop state: ShopScene
17:30:03.317 [JavaFX Application Thread] DEBUG Input                - Clearing active input actions
17:30:03.318 [JavaFX Application Thread] DEBUG GameApplicationServi - Removing overlay from ShopScene and adding to GameScene
17:30:03.318 [JavaFX Application Thread] DEBUG PrimaryStageWindow   - GameScene <- ShopScene
17:30:04.408 [JavaFX Application Thread] DEBUG PrimaryStageWindow   - Push state: BagScene
17:30:04.408 [JavaFX Application Thread] DEBUG Input                - Clearing active input actions
17:30:04.408 [JavaFX Application Thread] DEBUG GameApplicationServi - Removing overlay from GameScene and adding to BagScene
17:30:04.408 [JavaFX Application Thread] DEBUG PrimaryStageWindow   - GameScene -> BagScene
17:30:06.942 [JavaFX Application Thread] DEBUG PrimaryStageWindow   - Push state: InformationScene
17:30:06.942 [JavaFX Application Thread] DEBUG Input                - Clearing active input actions
17:30:06.944 [JavaFX Application Thread] DEBUG GameApplicationServi - Removing overlay from BagScene and adding to InformationScene
17:30:06.945 [JavaFX Application Thread] DEBUG PrimaryStageWindow   - BagScene -> InformationScene
17:30:08.551 [JavaFX Application Thread] DEBUG PrimaryStageWindow   - Pop state: InformationScene
17:30:08.551 [JavaFX Application Thread] DEBUG Input                - Clearing active input actions
17:30:08.552 [JavaFX Application Thread] DEBUG GameApplicationServi - Removing overlay from InformationScene and adding to BagScene
17:30:08.552 [JavaFX Application Thread] DEBUG PrimaryStageWindow   - BagScene <- InformationScene
17:30:09.036 [JavaFX Application Thread] DEBUG PrimaryStageWindow   - Pop state: BagScene
17:30:09.036 [JavaFX Application Thread] DEBUG Input                - Clearing active input actions
17:30:09.037 [JavaFX Application Thread] DEBUG GameApplicationServi - Removing overlay from BagScene and adding to GameScene
17:30:09.037 [JavaFX Application Thread] DEBUG PrimaryStageWindow   - GameScene <- BagScene
17:30:10.166 [JavaFX Application Thread] DEBUG PrimaryStageWindow   - Push state: PlantScene
17:30:10.166 [JavaFX Application Thread] DEBUG Input                - Clearing active input actions
17:30:10.167 [JavaFX Application Thread] DEBUG GameApplicationServi - Removing overlay from GameScene and adding to PlantScene
17:30:10.167 [JavaFX Application Thread] DEBUG PrimaryStageWindow   - GameScene -> PlantScene
17:30:13.363 [JavaFX Application Thread] DEBUG FXGLAssetLoaderServi - Loading from file system: file:/D:/JAVA结课作业/PlantFlowers/demo/target/classes/assets/textures/Calla%20lily%201.png
17:30:14.083 [JavaFX Application Thread] DEBUG PrimaryStageWindow   - Pop state: PlantScene
17:30:14.083 [JavaFX Application Thread] DEBUG Input                - Clearing active input actions
17:30:14.084 [JavaFX Application Thread] DEBUG GameApplicationServi - Removing overlay from PlantScene and adding to GameScene
17:30:14.085 [JavaFX Application Thread] DEBUG PrimaryStageWindow   - GameScene <- PlantScene
17:30:20.070 [JavaFX Application Thread] DEBUG FXGLAssetLoaderServi - Loading from file system: file:/D:/JAVA结课作业/PlantFlowers/demo/target/classes/assets/textures/Calla%20lily%202.png
17:30:25.030 [JavaFX Application Thread] DEBUG FXGLAssetLoaderServi - Loading from file system: file:/D:/JAVA结课作业/PlantFlowers/demo/target/classes/assets/textures/Calla%20lily%203.png
17:30:30.101 [JavaFX Application Thread] DEBUG FXGLAssetLoaderServi - Loading from file system: file:/D:/JAVA结课作业/PlantFlowers/demo/target/classes/assets/textures/Calla%20lily%204.png
17:30:31.439 [JavaFX Application Thread] DEBUG PrimaryStageWindow   - Push state: HarvestScene
17:30:31.439 [JavaFX Application Thread] DEBUG Input                - Clearing active input actions
17:30:31.440 [JavaFX Application Thread] DEBUG GameApplicationServi - Removing overlay from GameScene and adding to HarvestScene
17:30:31.440 [JavaFX Application Thread] DEBUG PrimaryStageWindow   - GameScene -> HarvestScene
17:30:33.114 [JavaFX Application Thread] DEBUG PrimaryStageWindow   - Pop state: HarvestScene
17:30:33.114 [JavaFX Application Thread] DEBUG Input                - Clearing active input actions
17:30:33.114 [JavaFX Application Thread] DEBUG GameApplicationServi - Removing overlay from HarvestScene and adding to GameScene
17:30:33.114 [JavaFX Application Thread] DEBUG PrimaryStageWindow   - GameScene <- HarvestScene
17:30:34.294 [JavaFX Application Thread] DEBUG PrimaryStageWindow   - Push state: IdentityScene
17:30:34.294 [JavaFX Application Thread] DEBUG Input                - Clearing active input actions
17:30:34.294 [JavaFX Application Thread] DEBUG GameApplicationServi - Removing overlay from GameScene and adding to IdentityScene
17:30:34.295 [JavaFX Application Thread] DEBUG PrimaryStageWindow   - GameScene -> IdentityScene
17:30:35.548 [JavaFX Application Thread] DEBUG PrimaryStageWindow   - Pop state: IdentityScene
17:30:35.548 [JavaFX Application Thread] DEBUG Input                - Clearing active input actions
17:30:35.551 [JavaFX Application Thread] DEBUG GameApplicationServi - Removing overlay from IdentityScene and adding to GameScene
17:30:35.552 [JavaFX Application Thread] DEBUG PrimaryStageWindow   - GameScene <- IdentityScene
17:30:36.414 [JavaFX Application Thread] DEBUG PrimaryStageWindow   - Push state: BagScene
17:30:36.414 [JavaFX Application Thread] DEBUG Input                - Clearing active input actions
17:30:36.414 [JavaFX Application Thread] DEBUG GameApplicationServi - Removing overlay from GameScene and adding to BagScene
17:30:36.414 [JavaFX Application Thread] DEBUG PrimaryStageWindow   - GameScene -> BagScene
17:30:37.456 [JavaFX Application Thread] DEBUG PrimaryStageWindow   - Push state: InformationScene
17:30:37.456 [JavaFX Application Thread] DEBUG Input                - Clearing active input actions
17:30:37.459 [JavaFX Application Thread] DEBUG GameApplicationServi - Removing overlay from BagScene and adding to InformationScene
17:30:37.460 [JavaFX Application Thread] DEBUG PrimaryStageWindow   - BagScene -> InformationScene
17:30:38.998 [JavaFX Application Thread] DEBUG PrimaryStageWindow   - Pop state: InformationScene
17:30:38.998 [JavaFX Application Thread] DEBUG Input                - Clearing active input actions
17:30:38.998 [JavaFX Application Thread] DEBUG GameApplicationServi - Removing overlay from InformationScene and adding to BagScene
17:30:38.999 [JavaFX Application Thread] DEBUG PrimaryStageWindow   - BagScene <- InformationScene
17:30:39.867 [JavaFX Application Thread] DEBUG PrimaryStageWindow   - Pop state: BagScene
17:30:39.867 [JavaFX Application Thread] DEBUG Input                - Clearing active input actions
17:30:39.868 [JavaFX Application Thread] DEBUG GameApplicationServi - Removing overlay from BagScene and adding to GameScene
17:30:39.869 [JavaFX Application Thread] DEBUG PrimaryStageWindow   - GameScene <- BagScene
17:30:41.213 [JavaFX Application Thread] DEBUG PrimaryStageWindow   - Push state: ShopScene
17:30:41.213 [JavaFX Application Thread] DEBUG Input                - Clearing active input actions
17:30:41.214 [JavaFX Application Thread] DEBUG GameApplicationServi - Removing overlay from GameScene and adding to ShopScene
17:30:41.214 [JavaFX Application Thread] DEBUG PrimaryStageWindow   - GameScene -> ShopScene
17:30:43.486 [JavaFX Application Thread] DEBUG PrimaryStageWindow   - Pop state: ShopScene
17:30:43.486 [JavaFX Application Thread] DEBUG Input                - Clearing active input actions
17:30:43.487 [JavaFX Application Thread] DEBUG GameApplicationServi - Removing overlay from ShopScene and adding to GameScene
17:30:43.487 [JavaFX Application Thread] DEBUG PrimaryStageWindow   - GameScene <- ShopScene
17:30:44.546 [JavaFX Application Thread] DEBUG PrimaryStageWindow   - Push state: BagScene
17:30:44.546 [JavaFX Application Thread] DEBUG Input                - Clearing active input actions
17:30:44.546 [JavaFX Application Thread] DEBUG GameApplicationServi - Removing overlay from GameScene and adding to BagScene
17:30:44.546 [JavaFX Application Thread] DEBUG PrimaryStageWindow   - GameScene -> BagScene
17:30:45.547 [JavaFX Application Thread] DEBUG PrimaryStageWindow   - Push state: InformationScene
17:30:45.547 [JavaFX Application Thread] DEBUG Input                - Clearing active input actions
17:30:45.547 [JavaFX Application Thread] DEBUG GameApplicationServi - Removing overlay from BagScene and adding to InformationScene
17:30:45.547 [JavaFX Application Thread] DEBUG PrimaryStageWindow   - BagScene -> InformationScene
17:30:46.732 [JavaFX Application Thread] DEBUG PrimaryStageWindow   - Pop state: InformationScene
17:30:46.732 [JavaFX Application Thread] DEBUG Input                - Clearing active input actions
17:30:46.741 [JavaFX Application Thread] DEBUG GameApplicationServi - Removing overlay from InformationScene and adding to BagScene
17:30:46.741 [JavaFX Application Thread] DEBUG PrimaryStageWindow   - BagScene <- InformationScene
17:30:47.140 [JavaFX Application Thread] DEBUG PrimaryStageWindow   - Pop state: BagScene
17:30:47.140 [JavaFX Application Thread] DEBUG Input                - Clearing active input actions
17:30:47.141 [JavaFX Application Thread] DEBUG GameApplicationServi - Removing overlay from BagScene and adding to GameScene
17:30:47.141 [JavaFX Application Thread] DEBUG PrimaryStageWindow   - GameScene <- BagScene
17:30:48.087 [JavaFX Application Thread] DEBUG PrimaryStageWindow   - Push state: IdentityScene
17:30:48.087 [JavaFX Application Thread] DEBUG Input                - Clearing active input actions
17:30:48.105 [JavaFX Application Thread] DEBUG GameApplicationServi - Removing overlay from GameScene and adding to IdentityScene
17:30:48.105 [JavaFX Application Thread] DEBUG PrimaryStageWindow   - GameScene -> IdentityScene
17:30:49.031 [JavaFX Application Thread] DEBUG PrimaryStageWindow   - Pop state: IdentityScene
17:30:49.031 [JavaFX Application Thread] DEBUG Input                - Clearing active input actions
17:30:49.033 [JavaFX Application Thread] DEBUG GameApplicationServi - Removing overlay from IdentityScene and adding to GameScene
17:30:49.033 [JavaFX Application Thread] DEBUG PrimaryStageWindow   - GameScene <- IdentityScene
17:30:49.937 [JavaFX Application Thread] DEBUG FXGLApplication      - Exiting FXGL
17:30:49.937 [JavaFX Application Thread] DEBUG LoopRunner           - Stopping loop
17:30:49.937 [JavaFX Application Thread] DEBUG SystemBundleService  - Saving FXGL system data
17:30:49.939 [JavaFX Application Thread] DEBUG FileSystemAccess     - Writing to: D:\JAVA结课作业\PlantFlowers\system\fxgl.bundle
17:30:49.941 [JavaFX Application Thread] DEBUG Async                - Shutting down background threads
17:30:49.941 [JavaFX Application Thread] DEBUG PrimaryStageWindow   - Closing main window
17:30:49.950 [JavaFX Application Thread] DEBUG Logger               - Closing Logger
