21:03:06.523 [main                     ] DEBUG Logger               - Configured Logger
21:03:06.549 [main                     ] DEBUG GameApplication      - Logging settings
Title: Basic Game Sample
Version: 0.1
Width: 960
Height: 720
Fullscreen: false
Intro: false
Profiling: false
Single step:false
App Mode: DEVELOPER
Menu Key: ESCAPE
Stage Style: DECORATED
Scene Factory: class com.almasb.fxgl.app.scene.SceneFactory

21:03:06.813 [JavaFX Application Thread] DEBUG FXGLApplication      - Initializing FXGL
21:03:06.816 [JavaFX Application Thread] INFO  Engine               - FXGL-17.2 (20.08.2022 16.50) on WINDOWS (J:19.0.2 FX:17.0.6)
21:03:06.816 [JavaFX Application Thread] DEBUG Engine               - JRE Vendor Name: Amazon.com Inc.
21:03:06.817 [JavaFX Application Thread] DEBUG Engine               - Running on OS: Windows 11 version 10.0
21:03:06.817 [JavaFX Application Thread] DEBUG Engine               - Architecture: amd64
21:03:06.817 [JavaFX Application Thread] INFO  Engine               - Source code and latest versions at: https://github.com/AlmasB/FXGL
21:03:06.817 [JavaFX Application Thread] INFO  Engine               -       Ask questions and discuss at: https://github.com/AlmasB/FXGL/discussions
21:03:06.817 [JavaFX Application Thread] INFO  Engine               -              Join the FXGL chat at: https://gitter.im/AlmasB/FXGL
21:03:06.867 [JavaFX Application Thread] DEBUG PrimaryStageWindow   - Creating a JavaFX scene
21:03:06.892 [JavaFX Application Thread] DEBUG PrimaryStageWindow   - Target settings size: 960.0 x 720.0
21:03:06.893 [JavaFX Application Thread] DEBUG PrimaryStageWindow   - Scaled scene size:    960.0 x 720.0
21:03:06.893 [JavaFX Application Thread] DEBUG PrimaryStageWindow   - Scaled ratio: (1.0, 1.0)
21:03:06.893 [JavaFX Application Thread] DEBUG PrimaryStageWindow   - Set initial scene to FXGLStartupScene
21:03:06.898 [JavaFX Application Thread] DEBUG PrimaryStageWindow   - Opening main window
21:03:07.034 [JavaFX Application Thread] DEBUG PrimaryStageWindow   - Window border size: (13.0, 35.5)
21:03:07.035 [JavaFX Application Thread] DEBUG PrimaryStageWindow   - Scaled size: 960.0 x 720.0
21:03:07.035 [JavaFX Application Thread] DEBUG PrimaryStageWindow   - Scaled ratio: (1.0, 1.0)
21:03:07.035 [JavaFX Application Thread] DEBUG PrimaryStageWindow   - Scene size: 960.0 x 720.0
21:03:07.035 [JavaFX Application Thread] DEBUG PrimaryStageWindow   - Stage size: 973.0 x 755.5
21:03:07.042 [FXGL Background Thread 1 ] DEBUG Engine               - Initializing environment variables
21:03:07.076 [FXGL Background Thread 1 ] DEBUG FXGLAssetLoaderServi - User app class for loading assets: class com.TianYaNing.BasicGameSample.BasicGameSample
21:03:07.077 [FXGL Background Thread 1 ] DEBUG GameApplicationServi - Applying CSS: fxgl_dark.css
21:03:07.077 [FXGL Background Thread 1 ] DEBUG FXGLAssetLoaderServi - Loading from file system: jar:file:///C:/Users/23653/.m2/repository/com/github/almasb/fxgl/17.2/fxgl-17.2.jar!/fxglassets/ui/css/fxgl_dark.css
21:03:07.117 [FXGL Background Thread 1 ] DEBUG GameApplicationServi - Initializing application scenes
21:03:07.197 [FXGL Background Thread 1 ] DEBUG GameWorld            - Game world initialized
21:03:07.270 [FXGL Background Thread 1 ] DEBUG PhysicsWorld         - Physics world initialized: appHeight=720, physics.ppm=50.0
21:03:07.271 [FXGL Background Thread 1 ] DEBUG PhysicsWorld         - Using strategy: BRUTE_FORCE
21:03:07.278 [FXGL Background Thread 1 ] DEBUG GameScene            - Game scene initialized: 960x720
21:03:07.287 [FXGL Background Thread 1 ] DEBUG FXGL.DefaultMenu     - createMenuBodyGameMenu()
21:03:07.295 [FXGL Background Thread 1 ] DEBUG FXGL.DefaultMenu     - createOptionsMenu()
21:03:07.304 [FXGL Background Thread 1 ] DEBUG FXGLAssetLoaderServi - Loading from file system: jar:file:///C:/Users/23653/.m2/repository/com/github/almasb/fxgl/17.2/fxgl-17.2.jar!/fxglassets/textures/particles/smoke.png
21:03:07.385 [FXGL Background Thread 1 ] DEBUG FXGLAssetLoaderServi - Loading from file system: jar:file:///C:/Users/23653/.m2/repository/com/github/almasb/fxgl/17.2/fxgl-17.2.jar!/fxglassets/textures/particles/trace_horizontal.png
21:03:07.403 [FXGL Background Thread 1 ] DEBUG GameApplicationServi - Application scenes initialized
21:03:07.411 [FXGL Background Thread 1 ] DEBUG SystemBundleService  - Loading FXGL system data
21:03:07.414 [FXGL Background Thread 1 ] DEBUG FileSystemAccess     - Reading from: D:\JAVA结课作业\demo\system\fxgl.bundle
21:03:07.420 [FXGL Background Thread 1 ] DEBUG SystemBundleService  - Bundle FXGL: {}
21:03:07.420 [FXGL Background Thread 1 ] DEBUG UpdaterService       - Checking for updates
21:03:07.423 [FXGL Background Thread 4 ] DEBUG FXGLApplication      - Loading fonts
21:03:07.423 [FXGL Background Thread 1 ] DEBUG FXGLApplication      - Loading default localization
21:03:07.424 [FXGL Background Thread 4 ] DEBUG FXGLAssetLoaderServi - Loading from file system: jar:file:///C:/Users/23653/.m2/repository/com/github/almasb/fxgl/17.2/fxgl-17.2.jar!/fxglassets/ui/fonts/VarelaRound-Regular.ttf
21:03:07.424 [FXGL Background Thread 1 ] DEBUG FXGLAssetLoaderServi - Loading from file system: jar:file:///C:/Users/23653/.m2/repository/com/github/almasb/fxgl/17.2/fxgl-17.2.jar!/fxglassets/languages/english.lang
21:03:07.452 [FXGL Background Thread 1 ] INFO  FXGLApplication      - FXGL initialization took: 0.410 sec
21:03:07.461 [JavaFX Application Thread] DEBUG Input                - Registered new binding: up - W
21:03:07.461 [JavaFX Application Thread] DEBUG Input                - Registered new binding: down - S
21:03:07.461 [JavaFX Application Thread] DEBUG Input                - Registered new binding: left - A
21:03:07.462 [JavaFX Application Thread] DEBUG Input                - Registered new binding: right - D
21:03:07.462 [JavaFX Application Thread] DEBUG FXGLAssetLoaderServi - Loading from file system: file:/D:/JAVA结课作业/demo/target/classes/assets/music/森林狂想曲.mp3
21:03:07.479 [FXGL Background Thread 4 ] DEBUG FXGLAssetLoaderServi - Loading from file system: jar:file:///C:/Users/23653/.m2/repository/com/github/almasb/fxgl/17.2/fxgl-17.2.jar!/fxglassets/ui/fonts/Abel-Regular.ttf
21:03:07.481 [FXGL Background Thread 4 ] DEBUG FXGLAssetLoaderServi - Loading from file system: jar:file:///C:/Users/23653/.m2/repository/com/github/almasb/fxgl/17.2/fxgl-17.2.jar!/fxglassets/ui/fonts/TerminalLandMono-Regular.otf
21:03:07.483 [FXGL Background Thread 4 ] DEBUG FXGLAssetLoaderServi - Loading from file system: jar:file:///C:/Users/23653/.m2/repository/com/github/almasb/fxgl/17.2/fxgl-17.2.jar!/fxglassets/ui/fonts/Courier-Prime.ttf
21:03:07.583 [JavaFX Application Thread] DEBUG AudioPlayer          - Playing music com.almasb.fxgl.audio.Music@7294a2b5
21:03:07.584 [JavaFX Application Thread] DEBUG FXGLAssetLoaderServi - Loading from file system: jar:file:///C:/Users/23653/.m2/repository/com/github/almasb/fxgl/17.2/fxgl-17.2.jar!/fxglassets/textures/fxgl_icon.png
21:03:07.597 [JavaFX Application Thread] DEBUG FXGLAssetLoaderServi - Loading from file system: jar:file:///C:/Users/23653/.m2/repository/com/github/almasb/fxgl/17.2/fxgl-17.2.jar!/fxglassets/textures/fxgl_default_cursor.png
21:03:07.599 [JavaFX Application Thread] DEBUG Input                - Registered new binding: Screenshot - CTRL+8
21:03:07.599 [JavaFX Application Thread] DEBUG Input                - Registered new binding: System info dump - CTRL+9
21:03:07.599 [JavaFX Application Thread] DEBUG Input                - Registered new binding: Restart - CTRL+R
21:03:07.600 [JavaFX Application Thread] DEBUG Input                - Registered new binding: Toggle Debug Camera - CTRL+7
21:03:07.602 [JavaFX Application Thread] DEBUG LoopRunner           - Starting loop
21:03:07.602 [JavaFX Application Thread] DEBUG LoopRunner           - Initializing JavaFX AnimationTimerLoop
21:03:07.602 [JavaFX Application Thread] DEBUG GameApplicationServi - Starting new game
21:03:07.603 [JavaFX Application Thread] DEBUG Input                - Clearing active input actions
21:03:07.618 [JavaFX Application Thread] DEBUG GameApplicationServi - Removing overlay from FXGLStartupScene and adding to FXGLLoadingScene
21:03:07.618 [JavaFX Application Thread] DEBUG PrimaryStageWindow   - FXGLStartupScene -> FXGLLoadingScene
21:03:07.618 [JavaFX Application Thread] DEBUG GameApplicationServi - Clearing previous game
21:03:07.618 [JavaFX Application Thread] DEBUG GameScene            - Clearing game scene
21:03:07.618 [JavaFX Application Thread] DEBUG GameWorld            - Clearing game world
21:03:07.618 [JavaFX Application Thread] DEBUG PhysicsWorld         - Clearing physics world
21:03:07.621 [FXGL Background Thread 4 ] DEBUG FXGLApplication      - Initializing game
21:03:07.623 [JavaFX Application Thread] DEBUG FXGLApplication      - Registering font factories with UI factory
21:03:07.651 [FXGL Background Thread 4 ] WARN  TMXLevelLoader       - TiledMap generated from 1.10.2. Supported version: 1.9.0. Some features may not be parsed fully.
21:03:07.657 [FXGL Background Thread 4 ] DEBUG TMXLevelLoader       - Parsed TiledMap: file:/D:/JAVA结课作业/demo/target/classes/assets/levels/tmx/地图3.tmx
21:03:07.659 [FXGL Background Thread 4 ] DEBUG TMXLevelLoader       - Creating tile layer entities
21:03:07.661 [FXGL Background Thread 4 ] DEBUG TilesetLoader        - Loading view for layer 图块层 1
21:03:07.663 [FXGL Background Thread 4 ] DEBUG TilesetLoader        - Created buffer with size 960.0x720.0
21:03:07.672 [FXGL Background Thread 4 ] DEBUG TMXLevelLoader       - Creating object layer entities
21:03:07.716 [FXGL Background Thread 4 ] DEBUG GameWorld            - Clearing removable entities
21:03:07.719 [FXGL Background Thread 4 ] DEBUG GameWorld            - Setting level: com.almasb.fxgl.entity.level.Level@dbf32d1
21:03:07.796 [FXGL Background Thread 4 ] DEBUG FXGLAssetLoaderServi - Loading from file system: file:/D:/JAVA结课作业/demo/target/classes/assets/textures/player.PNG
21:03:07.818 [FXGL Background Thread 4 ] INFO  FXGLApplication      - Game initialization took: 0.197 sec
21:03:07.819 [JavaFX Application Thread] DEBUG Input                - Clearing active input actions
21:03:07.825 [JavaFX Application Thread] DEBUG GameApplicationServi - Removing overlay from FXGLLoadingScene and adding to GameScene
21:03:07.826 [JavaFX Application Thread] DEBUG PrimaryStageWindow   - FXGLLoadingScene -> GameScene
21:03:09.247 [FXGL Background Thread 2 ] INFO  UpdaterService       - Your current version:  17.2
21:03:09.247 [FXGL Background Thread 2 ] INFO  UpdaterService       - Latest stable version: 17.3
21:03:10.423 [FXGL Background Thread 3 ] DEBUG Engine               - Logging environment variables
21:03:10.423 [FXGL Background Thread 3 ] DEBUG Engine               - achievements: []
21:03:10.424 [FXGL Background Thread 3 ] DEBUG Engine               - actualHeight: 720.0
21:03:10.424 [FXGL Background Thread 3 ] DEBUG Engine               - actualHeightProperty: ReadOnlyDoubleProperty [value: 720.0]
21:03:10.424 [FXGL Background Thread 3 ] DEBUG Engine               - actualWidth: 960.0
21:03:10.424 [FXGL Background Thread 3 ] DEBUG Engine               - actualWidthProperty: ReadOnlyDoubleProperty [value: 960.0]
21:03:10.424 [FXGL Background Thread 3 ] DEBUG Engine               - appIcon: fxgl_icon.png
21:03:10.424 [FXGL Background Thread 3 ] DEBUG Engine               - applicationMode: DEVELOPER
21:03:10.424 [FXGL Background Thread 3 ] DEBUG Engine               - cSSList: [fxgl_dark.css]
21:03:10.424 [FXGL Background Thread 3 ] DEBUG Engine               - collisionDetectionStrategy: BRUTE_FORCE
21:03:10.424 [FXGL Background Thread 3 ] DEBUG Engine               - configClass: Optional.empty
21:03:10.424 [FXGL Background Thread 3 ] DEBUG Engine               - credits: []
21:03:10.425 [FXGL Background Thread 3 ] DEBUG Engine               - defaultCursor: CursorInfo(imageName=fxgl_default_cursor.png, hotspotX=7.0, hotspotY=6.0)
21:03:10.425 [FXGL Background Thread 3 ] DEBUG Engine               - devBBoxColorProperty: ObjectProperty [value: 0xff0000ff]
21:03:10.425 [FXGL Background Thread 3 ] DEBUG Engine               - devEnableDebugCameraProperty: BooleanProperty [value: false]
21:03:10.425 [FXGL Background Thread 3 ] DEBUG Engine               - devSensorColorProperty: ObjectProperty [value: 0xffff00ff]
21:03:10.425 [FXGL Background Thread 3 ] DEBUG Engine               - devShowBBoxProperty: BooleanProperty [value: false]
21:03:10.425 [FXGL Background Thread 3 ] DEBUG Engine               - devShowPositionProperty: BooleanProperty [value: false]
21:03:10.426 [FXGL Background Thread 3 ] DEBUG Engine               - enabledMenuItems: []
21:03:10.426 [FXGL Background Thread 3 ] DEBUG Engine               - engineServices: [class com.almasb.fxgl.app.services.FXGLAssetLoaderService, class com.almasb.fxgl.app.FXGLApplication$GameApplicationService, class com.almasb.fxgl.app.services.FXGLDialogService, class com.almasb.fxgl.app.services.IOTaskExecutorService, class com.almasb.fxgl.io.FileSystemService, class com.almasb.fxgl.localization.LocalizationService, class com.almasb.fxgl.app.services.SystemBundleService, class com.almasb.fxgl.profile.SaveLoadService, class com.almasb.fxgl.ui.FXGLUIFactoryServiceProvider, class com.almasb.fxgl.ui.FXGLDialogFactoryServiceProvider, class com.almasb.fxgl.audio.AudioPlayer, class com.almasb.fxgl.notification.impl.NotificationServiceProvider, class com.almasb.fxgl.achievement.AchievementService, class com.almasb.fxgl.cutscene.CutsceneService, class com.almasb.fxgl.minigames.MiniGameService, class com.almasb.fxgl.net.NetService, class com.almasb.fxgl.app.services.UpdaterService, class com.almasb.fxgl.dev.DevService]
21:03:10.426 [FXGL Background Thread 3 ] DEBUG Engine               - fontGame: Abel-Regular.ttf
21:03:10.426 [FXGL Background Thread 3 ] DEBUG Engine               - fontMono: TerminalLandMono-Regular.otf
21:03:10.426 [FXGL Background Thread 3 ] DEBUG Engine               - fontText: Courier-Prime.ttf
21:03:10.426 [FXGL Background Thread 3 ] DEBUG Engine               - fontUI: VarelaRound-Regular.ttf
21:03:10.426 [FXGL Background Thread 3 ] DEBUG Engine               - fullScreen: BooleanProperty [value: false]
21:03:10.426 [FXGL Background Thread 3 ] DEBUG Engine               - gameDifficulty: MEDIUM
21:03:10.426 [FXGL Background Thread 3 ] DEBUG Engine               - gameDifficultyProperty: ObjectProperty [value: MEDIUM]
21:03:10.426 [FXGL Background Thread 3 ] DEBUG Engine               - globalMusicVolume: 0.5
21:03:10.426 [FXGL Background Thread 3 ] DEBUG Engine               - globalMusicVolumeProperty: DoubleProperty [value: 0.5]
21:03:10.426 [FXGL Background Thread 3 ] DEBUG Engine               - globalSoundVolume: 0.5
21:03:10.426 [FXGL Background Thread 3 ] DEBUG Engine               - globalSoundVolumeProperty: DoubleProperty [value: 0.5]
21:03:10.427 [FXGL Background Thread 3 ] DEBUG Engine               - height: 720
21:03:10.427 [FXGL Background Thread 3 ] DEBUG Engine               - is3D: false
21:03:10.427 [FXGL Background Thread 3 ] DEBUG Engine               - isAndroid: false
21:03:10.427 [FXGL Background Thread 3 ] DEBUG Engine               - isBrowser: false
21:03:10.427 [FXGL Background Thread 3 ] DEBUG Engine               - isClickFeedbackEnabled: false
21:03:10.427 [FXGL Background Thread 3 ] DEBUG Engine               - isCloseConfirmation: false
21:03:10.427 [FXGL Background Thread 3 ] DEBUG Engine               - isDesktop: true
21:03:10.427 [FXGL Background Thread 3 ] DEBUG Engine               - isDeveloperMenuEnabled: false
21:03:10.427 [FXGL Background Thread 3 ] DEBUG Engine               - isEmbedded: false
21:03:10.427 [FXGL Background Thread 3 ] DEBUG Engine               - isEntityPreloadEnabled: true
21:03:10.427 [FXGL Background Thread 3 ] DEBUG Engine               - isExperimentalTiledLargeMap: false
21:03:10.427 [FXGL Background Thread 3 ] DEBUG Engine               - isFileSystemWriteAllowed: true
21:03:10.429 [FXGL Background Thread 3 ] DEBUG Engine               - isFullScreenAllowed: false
21:03:10.429 [FXGL Background Thread 3 ] DEBUG Engine               - isFullScreenFromStart: false
21:03:10.429 [FXGL Background Thread 3 ] DEBUG Engine               - isGameMenuEnabled: true
21:03:10.429 [FXGL Background Thread 3 ] DEBUG Engine               - isIOS: false
21:03:10.429 [FXGL Background Thread 3 ] DEBUG Engine               - isIntroEnabled: false
21:03:10.429 [FXGL Background Thread 3 ] DEBUG Engine               - isLinux: false
21:03:10.429 [FXGL Background Thread 3 ] DEBUG Engine               - isMac: false
21:03:10.429 [FXGL Background Thread 3 ] DEBUG Engine               - isMainMenuEnabled: false
21:03:10.429 [FXGL Background Thread 3 ] DEBUG Engine               - isManualResizeEnabled: false
21:03:10.429 [FXGL Background Thread 3 ] DEBUG Engine               - isMobile: false
21:03:10.429 [FXGL Background Thread 3 ] DEBUG Engine               - isNative: false
21:03:10.429 [FXGL Background Thread 3 ] DEBUG Engine               - isPauseMusicWhenMinimized: true
21:03:10.429 [FXGL Background Thread 3 ] DEBUG Engine               - isPreserveResizeRatio: false
21:03:10.429 [FXGL Background Thread 3 ] DEBUG Engine               - isProfilingEnabled: false
21:03:10.429 [FXGL Background Thread 3 ] DEBUG Engine               - isScaleAffectedOnResize: true
21:03:10.429 [FXGL Background Thread 3 ] DEBUG Engine               - isSingleStep: false
21:03:10.429 [FXGL Background Thread 3 ] DEBUG Engine               - isUserProfileEnabled: false
21:03:10.429 [FXGL Background Thread 3 ] DEBUG Engine               - isWindows: true
21:03:10.429 [FXGL Background Thread 3 ] DEBUG Engine               - language: ObjectProperty [value: ENGLISH]
21:03:10.429 [FXGL Background Thread 3 ] DEBUG Engine               - menuKey: ESCAPE
21:03:10.429 [FXGL Background Thread 3 ] DEBUG Engine               - mouseSensitivity: 0.2
21:03:10.430 [FXGL Background Thread 3 ] DEBUG Engine               - notificationViewClass: class com.almasb.fxgl.notification.view.XboxNotificationView
21:03:10.430 [FXGL Background Thread 3 ] DEBUG Engine               - pixelsPerMeter: 50.0
21:03:10.430 [FXGL Background Thread 3 ] DEBUG Engine               - platform: WINDOWS
21:03:10.430 [FXGL Background Thread 3 ] DEBUG Engine               - prefHeightProperty: ReadOnlyDoubleProperty [value: 720.0]
21:03:10.430 [FXGL Background Thread 3 ] DEBUG Engine               - prefWidthProperty: ReadOnlyDoubleProperty [value: 960.0]
21:03:10.430 [FXGL Background Thread 3 ] DEBUG Engine               - profileDir: profiles/
21:03:10.430 [FXGL Background Thread 3 ] DEBUG Engine               - profileName: StringProperty [value: DEFAULT]
21:03:10.430 [FXGL Background Thread 3 ] DEBUG Engine               - randomSeed: -1
21:03:10.430 [FXGL Background Thread 3 ] DEBUG Engine               - runtimeInfo: RuntimeInfo(platform=WINDOWS, version=17.2, build=20.08.2022 16.50)
21:03:10.430 [FXGL Background Thread 3 ] DEBUG Engine               - saveFileExt: sav
21:03:10.430 [FXGL Background Thread 3 ] DEBUG Engine               - scaledHeightProp$fxgl: DoubleProperty [bound, value: 720.0]
21:03:10.430 [FXGL Background Thread 3 ] DEBUG Engine               - scaledWidthProp$fxgl: DoubleProperty [bound, value: 960.0]
21:03:10.430 [FXGL Background Thread 3 ] DEBUG Engine               - sceneFactory: com.almasb.fxgl.app.scene.SceneFactory@539ef1ed
21:03:10.430 [FXGL Background Thread 3 ] DEBUG Engine               - secondsIn24h: 60
21:03:10.430 [FXGL Background Thread 3 ] DEBUG Engine               - soundMenuBack: menu/back.wav
21:03:10.430 [FXGL Background Thread 3 ] DEBUG Engine               - soundMenuPress: menu/press.wav
21:03:10.430 [FXGL Background Thread 3 ] DEBUG Engine               - soundMenuSelect: menu/select.wav
21:03:10.430 [FXGL Background Thread 3 ] DEBUG Engine               - soundNotification: core/notification.wav
21:03:10.430 [FXGL Background Thread 3 ] DEBUG Engine               - stageStyle: DECORATED
21:03:10.430 [FXGL Background Thread 3 ] DEBUG Engine               - supportedLanguages: [ENGLISH, FRENCH, GERMAN, HUNGARIAN, RUSSIAN]
21:03:10.430 [FXGL Background Thread 3 ] DEBUG Engine               - ticksPerSecond: -1
21:03:10.430 [FXGL Background Thread 3 ] DEBUG Engine               - title: Basic Game Sample
21:03:10.430 [FXGL Background Thread 3 ] DEBUG Engine               - urlGithub: https://github.com/AlmasB/FXGL
21:03:10.430 [FXGL Background Thread 3 ] DEBUG Engine               - urlLeaderboard: http://fxgl-top.herokuapp.com/
21:03:10.430 [FXGL Background Thread 3 ] DEBUG Engine               - urlPOM: https://raw.githubusercontent.com/AlmasB/FXGL/release/README.md
21:03:10.430 [FXGL Background Thread 3 ] DEBUG Engine               - userAppClass: class com.TianYaNing.BasicGameSample.BasicGameSample
21:03:10.431 [FXGL Background Thread 3 ] DEBUG Engine               - version: 0.1
21:03:10.431 [FXGL Background Thread 3 ] DEBUG Engine               - versionCheckDays: 7
21:03:10.431 [FXGL Background Thread 3 ] DEBUG Engine               - width: 960
21:03:10.431 [FXGL Background Thread 3 ] DEBUG Engine               - Logging services
21:03:10.431 [FXGL Background Thread 3 ] DEBUG Engine               - class com.almasb.fxgl.app.services.FXGLAssetLoaderService
21:03:10.431 [FXGL Background Thread 3 ] DEBUG Engine               - class com.almasb.fxgl.app.FXGLApplication$GameApplicationService
21:03:10.431 [FXGL Background Thread 3 ] DEBUG Engine               - class com.almasb.fxgl.app.services.FXGLDialogService
21:03:10.431 [FXGL Background Thread 3 ] DEBUG Engine               - class com.almasb.fxgl.app.services.IOTaskExecutorService
21:03:10.431 [FXGL Background Thread 3 ] DEBUG Engine               - class com.almasb.fxgl.io.FileSystemService
21:03:10.431 [FXGL Background Thread 3 ] DEBUG Engine               - class com.almasb.fxgl.localization.LocalizationService
21:03:10.431 [FXGL Background Thread 3 ] DEBUG Engine               - class com.almasb.fxgl.app.services.SystemBundleService
21:03:10.431 [FXGL Background Thread 3 ] DEBUG Engine               - class com.almasb.fxgl.profile.SaveLoadService
21:03:10.431 [FXGL Background Thread 3 ] DEBUG Engine               - class com.almasb.fxgl.ui.FXGLUIFactoryServiceProvider
21:03:10.431 [FXGL Background Thread 3 ] DEBUG Engine               - class com.almasb.fxgl.ui.FXGLDialogFactoryServiceProvider
21:03:10.431 [FXGL Background Thread 3 ] DEBUG Engine               - class com.almasb.fxgl.audio.AudioPlayer
21:03:10.431 [FXGL Background Thread 3 ] DEBUG Engine               - class com.almasb.fxgl.notification.impl.NotificationServiceProvider
21:03:10.431 [FXGL Background Thread 3 ] DEBUG Engine               - class com.almasb.fxgl.achievement.AchievementService
21:03:10.431 [FXGL Background Thread 3 ] DEBUG Engine               - class com.almasb.fxgl.cutscene.CutsceneService
21:03:10.431 [FXGL Background Thread 3 ] DEBUG Engine               - class com.almasb.fxgl.minigames.MiniGameService
21:03:10.431 [FXGL Background Thread 3 ] DEBUG Engine               - class com.almasb.fxgl.net.NetService
21:03:10.431 [FXGL Background Thread 3 ] DEBUG Engine               - class com.almasb.fxgl.app.services.UpdaterService
21:03:10.431 [FXGL Background Thread 3 ] DEBUG Engine               - class com.almasb.fxgl.dev.DevService
21:03:13.441 [JavaFX Application Thread] DEBUG PrimaryStageWindow   - Push state: PlantScene
21:03:13.441 [JavaFX Application Thread] DEBUG Input                - Clearing active input actions
21:03:13.443 [JavaFX Application Thread] DEBUG GameApplicationServi - Removing overlay from GameScene and adding to PlantScene
21:03:13.443 [JavaFX Application Thread] DEBUG PrimaryStageWindow   - GameScene -> PlantScene
21:03:15.333 [JavaFX Application Thread] DEBUG FXGLAssetLoaderServi - Loading from file system: file:/D:/JAVA结课作业/demo/target/classes/assets/textures/wild%20pansy%201.png
21:03:16.254 [JavaFX Application Thread] DEBUG PrimaryStageWindow   - Pop state: PlantScene
21:03:16.254 [JavaFX Application Thread] DEBUG Input                - Clearing active input actions
21:03:16.254 [JavaFX Application Thread] DEBUG GameApplicationServi - Removing overlay from PlantScene and adding to GameScene
21:03:16.255 [JavaFX Application Thread] DEBUG PrimaryStageWindow   - GameScene <- PlantScene
21:03:21.352 [JavaFX Application Thread] DEBUG FXGLAssetLoaderServi - Loading from file system: file:/D:/JAVA结课作业/demo/target/classes/assets/textures/wild%20pansy%202.png
21:03:26.251 [JavaFX Application Thread] DEBUG FXGLAssetLoaderServi - Loading from file system: file:/D:/JAVA结课作业/demo/target/classes/assets/textures/wild%20pansy%203.png
21:03:31.335 [JavaFX Application Thread] DEBUG FXGLAssetLoaderServi - Loading from file system: file:/D:/JAVA结课作业/demo/target/classes/assets/textures/wild%20pansy%204.png
21:03:36.264 [JavaFX Application Thread] DEBUG FXGLAssetLoaderServi - Loading from file system: file:/D:/JAVA结课作业/demo/target/classes/assets/textures/wild%20pansy%205.png
21:03:37.886 [JavaFX Application Thread] DEBUG PrimaryStageWindow   - Push state: HarvestScene
21:03:37.886 [JavaFX Application Thread] DEBUG Input                - Clearing active input actions
21:03:37.886 [JavaFX Application Thread] DEBUG GameApplicationServi - Removing overlay from GameScene and adding to HarvestScene
21:03:37.886 [JavaFX Application Thread] DEBUG PrimaryStageWindow   - GameScene -> HarvestScene
21:03:40.056 [JavaFX Application Thread] DEBUG PrimaryStageWindow   - Pop state: HarvestScene
21:03:40.057 [JavaFX Application Thread] DEBUG Input                - Clearing active input actions
21:03:40.057 [JavaFX Application Thread] DEBUG GameApplicationServi - Removing overlay from HarvestScene and adding to GameScene
21:03:40.057 [JavaFX Application Thread] DEBUG PrimaryStageWindow   - GameScene <- HarvestScene
21:03:43.312 [JavaFX Application Thread] DEBUG PrimaryStageWindow   - Push state: BagScene
21:03:43.312 [JavaFX Application Thread] DEBUG Input                - Clearing active input actions
21:03:43.316 [JavaFX Application Thread] DEBUG GameApplicationServi - Removing overlay from GameScene and adding to BagScene
21:03:43.316 [JavaFX Application Thread] DEBUG PrimaryStageWindow   - GameScene -> BagScene
21:03:44.751 [JavaFX Application Thread] DEBUG PrimaryStageWindow   - Push state: InformationScene
21:03:44.751 [JavaFX Application Thread] DEBUG Input                - Clearing active input actions
21:03:44.751 [JavaFX Application Thread] DEBUG GameApplicationServi - Removing overlay from BagScene and adding to InformationScene
21:03:44.751 [JavaFX Application Thread] DEBUG PrimaryStageWindow   - BagScene -> InformationScene
21:03:47.612 [JavaFX Application Thread] DEBUG PrimaryStageWindow   - Pop state: InformationScene
21:03:47.612 [JavaFX Application Thread] DEBUG Input                - Clearing active input actions
21:03:47.612 [JavaFX Application Thread] DEBUG GameApplicationServi - Removing overlay from InformationScene and adding to BagScene
21:03:47.613 [JavaFX Application Thread] DEBUG PrimaryStageWindow   - BagScene <- InformationScene
21:03:48.503 [JavaFX Application Thread] DEBUG PrimaryStageWindow   - Pop state: BagScene
21:03:48.503 [JavaFX Application Thread] DEBUG Input                - Clearing active input actions
21:03:48.503 [JavaFX Application Thread] DEBUG GameApplicationServi - Removing overlay from BagScene and adding to GameScene
21:03:48.503 [JavaFX Application Thread] DEBUG PrimaryStageWindow   - GameScene <- BagScene
21:03:49.847 [JavaFX Application Thread] DEBUG FXGLApplication      - Exiting FXGL
21:03:49.847 [JavaFX Application Thread] DEBUG LoopRunner           - Stopping loop
21:03:49.847 [JavaFX Application Thread] DEBUG SystemBundleService  - Saving FXGL system data
21:03:49.850 [JavaFX Application Thread] DEBUG FileSystemAccess     - Writing to: D:\JAVA结课作业\demo\system\fxgl.bundle
21:03:49.852 [JavaFX Application Thread] DEBUG Async                - Shutting down background threads
21:03:49.853 [JavaFX Application Thread] DEBUG PrimaryStageWindow   - Closing main window
21:03:49.862 [JavaFX Application Thread] DEBUG Logger               - Closing Logger
