21:08:08.957 [main                     ] DEBUG Logger               - Configured Logger
21:08:08.985 [main                     ] DEBUG GameApplication      - Logging settings
Title: Basic Game Sample
Version: 0.1
Width: 960
Height: 720
Fullscreen: false
Intro: false
Profiling: false
Single step:false
App Mode: DEVELOPER
Menu Key: ESCAPE
Stage Style: DECORATED
Scene Factory: class com.almasb.fxgl.app.scene.SceneFactory

21:08:09.255 [JavaFX Application Thread] DEBUG FXGLApplication      - Initializing FXGL
21:08:09.258 [JavaFX Application Thread] INFO  Engine               - FXGL-17.2 (20.08.2022 16.50) on WINDOWS (J:19.0.2 FX:17.0.6)
21:08:09.259 [JavaFX Application Thread] DEBUG Engine               - JRE Vendor Name: Amazon.com Inc.
21:08:09.259 [JavaFX Application Thread] DEBUG Engine               - Running on OS: Windows 11 version 10.0
21:08:09.259 [JavaFX Application Thread] DEBUG Engine               - Architecture: amd64
21:08:09.259 [JavaFX Application Thread] INFO  Engine               - Source code and latest versions at: https://github.com/AlmasB/FXGL
21:08:09.259 [JavaFX Application Thread] INFO  Engine               -       Ask questions and discuss at: https://github.com/AlmasB/FXGL/discussions
21:08:09.259 [JavaFX Application Thread] INFO  Engine               -              Join the FXGL chat at: https://gitter.im/AlmasB/FXGL
21:08:09.307 [JavaFX Application Thread] DEBUG PrimaryStageWindow   - Creating a JavaFX scene
21:08:09.332 [JavaFX Application Thread] DEBUG PrimaryStageWindow   - Target settings size: 960.0 x 720.0
21:08:09.332 [JavaFX Application Thread] DEBUG PrimaryStageWindow   - Scaled scene size:    960.0 x 720.0
21:08:09.333 [JavaFX Application Thread] DEBUG PrimaryStageWindow   - Scaled ratio: (1.0, 1.0)
21:08:09.333 [JavaFX Application Thread] DEBUG PrimaryStageWindow   - Set initial scene to FXGLStartupScene
21:08:09.337 [JavaFX Application Thread] DEBUG PrimaryStageWindow   - Opening main window
21:08:09.455 [JavaFX Application Thread] DEBUG PrimaryStageWindow   - Window border size: (13.0, 35.5)
21:08:09.455 [JavaFX Application Thread] DEBUG PrimaryStageWindow   - Scaled size: 960.0 x 720.0
21:08:09.455 [JavaFX Application Thread] DEBUG PrimaryStageWindow   - Scaled ratio: (1.0, 1.0)
21:08:09.456 [JavaFX Application Thread] DEBUG PrimaryStageWindow   - Scene size: 960.0 x 720.0
21:08:09.456 [JavaFX Application Thread] DEBUG PrimaryStageWindow   - Stage size: 973.0 x 755.5
21:08:09.460 [FXGL Background Thread 1 ] DEBUG Engine               - Initializing environment variables
21:08:09.493 [FXGL Background Thread 1 ] DEBUG FXGLAssetLoaderServi - User app class for loading assets: class com.TianYaNing.BasicGameSample.BasicGameSample
21:08:09.494 [FXGL Background Thread 1 ] DEBUG GameApplicationServi - Applying CSS: fxgl_dark.css
21:08:09.494 [FXGL Background Thread 1 ] DEBUG FXGLAssetLoaderServi - Loading from file system: jar:file:///C:/Users/23653/.m2/repository/com/github/almasb/fxgl/17.2/fxgl-17.2.jar!/fxglassets/ui/css/fxgl_dark.css
21:08:09.523 [FXGL Background Thread 1 ] DEBUG GameApplicationServi - Initializing application scenes
21:08:09.593 [FXGL Background Thread 1 ] DEBUG GameWorld            - Game world initialized
21:08:09.649 [FXGL Background Thread 1 ] DEBUG PhysicsWorld         - Physics world initialized: appHeight=720, physics.ppm=50.0
21:08:09.649 [FXGL Background Thread 1 ] DEBUG PhysicsWorld         - Using strategy: BRUTE_FORCE
21:08:09.653 [FXGL Background Thread 1 ] DEBUG GameScene            - Game scene initialized: 960x720
21:08:09.661 [FXGL Background Thread 1 ] DEBUG FXGL.DefaultMenu     - createMenuBodyGameMenu()
21:08:09.670 [FXGL Background Thread 1 ] DEBUG FXGL.DefaultMenu     - createOptionsMenu()
21:08:09.681 [FXGL Background Thread 1 ] DEBUG FXGLAssetLoaderServi - Loading from file system: jar:file:///C:/Users/23653/.m2/repository/com/github/almasb/fxgl/17.2/fxgl-17.2.jar!/fxglassets/textures/particles/smoke.png
21:08:09.749 [FXGL Background Thread 1 ] DEBUG FXGLAssetLoaderServi - Loading from file system: jar:file:///C:/Users/23653/.m2/repository/com/github/almasb/fxgl/17.2/fxgl-17.2.jar!/fxglassets/textures/particles/trace_horizontal.png
21:08:09.766 [FXGL Background Thread 1 ] DEBUG GameApplicationServi - Application scenes initialized
21:08:09.775 [FXGL Background Thread 1 ] DEBUG SystemBundleService  - Loading FXGL system data
21:08:09.778 [FXGL Background Thread 1 ] DEBUG FileSystemAccess     - Reading from: D:\JAVA结课作业\demo\system\fxgl.bundle
21:08:09.784 [FXGL Background Thread 1 ] DEBUG SystemBundleService  - Bundle FXGL: {}
21:08:09.786 [FXGL Background Thread 1 ] DEBUG UpdaterService       - Checking for updates
21:08:09.789 [FXGL Background Thread 4 ] DEBUG FXGLApplication      - Loading fonts
21:08:09.790 [FXGL Background Thread 1 ] DEBUG FXGLApplication      - Loading default localization
21:08:09.791 [FXGL Background Thread 4 ] DEBUG FXGLAssetLoaderServi - Loading from file system: jar:file:///C:/Users/23653/.m2/repository/com/github/almasb/fxgl/17.2/fxgl-17.2.jar!/fxglassets/ui/fonts/VarelaRound-Regular.ttf
21:08:09.792 [FXGL Background Thread 1 ] DEBUG FXGLAssetLoaderServi - Loading from file system: jar:file:///C:/Users/23653/.m2/repository/com/github/almasb/fxgl/17.2/fxgl-17.2.jar!/fxglassets/languages/english.lang
21:08:09.814 [FXGL Background Thread 1 ] INFO  FXGLApplication      - FXGL initialization took: 0.353 sec
21:08:09.826 [JavaFX Application Thread] DEBUG Input                - Registered new binding: up - W
21:08:09.827 [JavaFX Application Thread] DEBUG Input                - Registered new binding: down - S
21:08:09.827 [JavaFX Application Thread] DEBUG Input                - Registered new binding: left - A
21:08:09.827 [JavaFX Application Thread] DEBUG Input                - Registered new binding: right - D
21:08:09.827 [JavaFX Application Thread] DEBUG FXGLAssetLoaderServi - Loading from file system: file:/D:/JAVA结课作业/demo/target/classes/assets/music/森林狂想曲.mp3
21:08:09.852 [FXGL Background Thread 4 ] DEBUG FXGLAssetLoaderServi - Loading from file system: jar:file:///C:/Users/23653/.m2/repository/com/github/almasb/fxgl/17.2/fxgl-17.2.jar!/fxglassets/ui/fonts/Abel-Regular.ttf
21:08:09.854 [FXGL Background Thread 4 ] DEBUG FXGLAssetLoaderServi - Loading from file system: jar:file:///C:/Users/23653/.m2/repository/com/github/almasb/fxgl/17.2/fxgl-17.2.jar!/fxglassets/ui/fonts/TerminalLandMono-Regular.otf
21:08:09.856 [FXGL Background Thread 4 ] DEBUG FXGLAssetLoaderServi - Loading from file system: jar:file:///C:/Users/23653/.m2/repository/com/github/almasb/fxgl/17.2/fxgl-17.2.jar!/fxglassets/ui/fonts/Courier-Prime.ttf
21:08:09.956 [JavaFX Application Thread] DEBUG AudioPlayer          - Playing music com.almasb.fxgl.audio.Music@6ae40a6e
21:08:09.956 [JavaFX Application Thread] DEBUG FXGLAssetLoaderServi - Loading from file system: jar:file:///C:/Users/23653/.m2/repository/com/github/almasb/fxgl/17.2/fxgl-17.2.jar!/fxglassets/textures/fxgl_icon.png
21:08:09.969 [JavaFX Application Thread] DEBUG FXGLAssetLoaderServi - Loading from file system: jar:file:///C:/Users/23653/.m2/repository/com/github/almasb/fxgl/17.2/fxgl-17.2.jar!/fxglassets/textures/fxgl_default_cursor.png
21:08:09.971 [JavaFX Application Thread] DEBUG Input                - Registered new binding: Screenshot - CTRL+8
21:08:09.971 [JavaFX Application Thread] DEBUG Input                - Registered new binding: System info dump - CTRL+9
21:08:09.971 [JavaFX Application Thread] DEBUG Input                - Registered new binding: Restart - CTRL+R
21:08:09.972 [JavaFX Application Thread] DEBUG Input                - Registered new binding: Toggle Debug Camera - CTRL+7
21:08:09.973 [JavaFX Application Thread] DEBUG LoopRunner           - Starting loop
21:08:09.973 [JavaFX Application Thread] DEBUG LoopRunner           - Initializing JavaFX AnimationTimerLoop
21:08:09.974 [JavaFX Application Thread] DEBUG GameApplicationServi - Starting new game
21:08:09.975 [JavaFX Application Thread] DEBUG Input                - Clearing active input actions
21:08:09.987 [JavaFX Application Thread] DEBUG GameApplicationServi - Removing overlay from FXGLStartupScene and adding to FXGLLoadingScene
21:08:09.988 [JavaFX Application Thread] DEBUG PrimaryStageWindow   - FXGLStartupScene -> FXGLLoadingScene
21:08:09.988 [JavaFX Application Thread] DEBUG GameApplicationServi - Clearing previous game
21:08:09.988 [JavaFX Application Thread] DEBUG GameScene            - Clearing game scene
21:08:09.988 [JavaFX Application Thread] DEBUG GameWorld            - Clearing game world
21:08:09.988 [JavaFX Application Thread] DEBUG PhysicsWorld         - Clearing physics world
21:08:09.990 [FXGL Background Thread 4 ] DEBUG FXGLApplication      - Initializing game
21:08:09.992 [JavaFX Application Thread] DEBUG FXGLApplication      - Registering font factories with UI factory
21:08:10.014 [FXGL Background Thread 4 ] WARN  TMXLevelLoader       - TiledMap generated from 1.10.2. Supported version: 1.9.0. Some features may not be parsed fully.
21:08:10.020 [FXGL Background Thread 4 ] DEBUG TMXLevelLoader       - Parsed TiledMap: file:/D:/JAVA结课作业/demo/target/classes/assets/levels/tmx/地图3.tmx
21:08:10.022 [FXGL Background Thread 4 ] DEBUG TMXLevelLoader       - Creating tile layer entities
21:08:10.023 [FXGL Background Thread 4 ] DEBUG TilesetLoader        - Loading view for layer 图块层 1
21:08:10.024 [FXGL Background Thread 4 ] DEBUG TilesetLoader        - Created buffer with size 960.0x720.0
21:08:10.033 [FXGL Background Thread 4 ] DEBUG TMXLevelLoader       - Creating object layer entities
21:08:10.077 [FXGL Background Thread 4 ] DEBUG GameWorld            - Clearing removable entities
21:08:10.081 [FXGL Background Thread 4 ] DEBUG GameWorld            - Setting level: com.almasb.fxgl.entity.level.Level@401b555b
21:08:10.155 [FXGL Background Thread 4 ] DEBUG FXGLAssetLoaderServi - Loading from file system: file:/D:/JAVA结课作业/demo/target/classes/assets/textures/player.PNG
21:08:10.165 [FXGL Background Thread 4 ] INFO  FXGLApplication      - Game initialization took: 0.174 sec
21:08:10.169 [JavaFX Application Thread] DEBUG Input                - Clearing active input actions
21:08:10.176 [JavaFX Application Thread] DEBUG GameApplicationServi - Removing overlay from FXGLLoadingScene and adding to GameScene
21:08:10.176 [JavaFX Application Thread] DEBUG PrimaryStageWindow   - FXGLLoadingScene -> GameScene
21:08:11.718 [JavaFX Application Thread] DEBUG FXGLApplication      - Exiting FXGL
21:08:11.719 [JavaFX Application Thread] DEBUG LoopRunner           - Stopping loop
21:08:11.720 [JavaFX Application Thread] DEBUG SystemBundleService  - Saving FXGL system data
21:08:11.721 [JavaFX Application Thread] DEBUG FileSystemAccess     - Writing to: D:\JAVA结课作业\demo\system\fxgl.bundle
21:08:11.722 [JavaFX Application Thread] DEBUG Async                - Shutting down background threads
21:08:11.722 [JavaFX Application Thread] DEBUG PrimaryStageWindow   - Closing main window
21:08:11.729 [JavaFX Application Thread] DEBUG Logger               - Closing Logger
