16:21:01.918 [main                     ] DEBUG Logger               - Configured Logger
16:21:01.944 [main                     ] DEBUG GameApplication      - Logging settings
Title: Basic Game Sample
Version: 0.1
Width: 960
Height: 720
Fullscreen: false
Intro: false
Profiling: false
Single step:false
App Mode: DEVELOPER
Menu Key: ESCAPE
Stage Style: DECORATED
Scene Factory: class com.almasb.fxgl.app.scene.SceneFactory

16:21:02.262 [JavaFX Application Thread] DEBUG FXGLApplication      - Initializing FXGL
16:21:02.266 [JavaFX Application Thread] INFO  Engine               - FXGL-17.2 (20.08.2022 16.50) on WINDOWS (J:19.0.2 FX:17.0.6)
16:21:02.266 [JavaFX Application Thread] DEBUG Engine               - JRE Vendor Name: Amazon.com Inc.
16:21:02.266 [JavaFX Application Thread] DEBUG Engine               - Running on OS: Windows 11 version 10.0
16:21:02.266 [JavaFX Application Thread] DEBUG Engine               - Architecture: amd64
16:21:02.266 [JavaFX Application Thread] INFO  Engine               - Source code and latest versions at: https://github.com/AlmasB/FXGL
16:21:02.266 [JavaFX Application Thread] INFO  Engine               -       Ask questions and discuss at: https://github.com/AlmasB/FXGL/discussions
16:21:02.267 [JavaFX Application Thread] INFO  Engine               -              Join the FXGL chat at: https://gitter.im/AlmasB/FXGL
16:21:02.338 [JavaFX Application Thread] DEBUG PrimaryStageWindow   - Creating a JavaFX scene
16:21:02.375 [JavaFX Application Thread] DEBUG PrimaryStageWindow   - Target settings size: 960.0 x 720.0
16:21:02.375 [JavaFX Application Thread] DEBUG PrimaryStageWindow   - Scaled scene size:    960.0 x 720.0
16:21:02.375 [JavaFX Application Thread] DEBUG PrimaryStageWindow   - Scaled ratio: (1.0, 1.0)
16:21:02.376 [JavaFX Application Thread] DEBUG PrimaryStageWindow   - Set initial scene to FXGLStartupScene
16:21:02.380 [JavaFX Application Thread] DEBUG PrimaryStageWindow   - Opening main window
16:21:02.498 [JavaFX Application Thread] DEBUG PrimaryStageWindow   - Window border size: (13.0, 35.5)
16:21:02.498 [JavaFX Application Thread] DEBUG PrimaryStageWindow   - Scaled size: 960.0 x 720.0
16:21:02.498 [JavaFX Application Thread] DEBUG PrimaryStageWindow   - Scaled ratio: (1.0, 1.0)
16:21:02.498 [JavaFX Application Thread] DEBUG PrimaryStageWindow   - Scene size: 960.0 x 720.0
16:21:02.499 [JavaFX Application Thread] DEBUG PrimaryStageWindow   - Stage size: 973.0 x 755.5
16:21:02.505 [FXGL Background Thread 1 ] DEBUG Engine               - Initializing environment variables
16:21:02.542 [FXGL Background Thread 1 ] DEBUG FXGLAssetLoaderServi - User app class for loading assets: class com.TianYaNing.BasicGameSample.BasicGameSample
16:21:02.542 [FXGL Background Thread 1 ] DEBUG GameApplicationServi - Applying CSS: fxgl_dark.css
16:21:02.543 [FXGL Background Thread 1 ] DEBUG FXGLAssetLoaderServi - Loading from file system: jar:file:///C:/Users/23653/.m2/repository/com/github/almasb/fxgl/17.2/fxgl-17.2.jar!/fxglassets/ui/css/fxgl_dark.css
16:21:02.575 [FXGL Background Thread 1 ] DEBUG GameApplicationServi - Initializing application scenes
16:21:02.650 [FXGL Background Thread 1 ] DEBUG GameWorld            - Game world initialized
16:21:02.709 [FXGL Background Thread 1 ] DEBUG PhysicsWorld         - Physics world initialized: appHeight=720, physics.ppm=50.0
16:21:02.710 [FXGL Background Thread 1 ] DEBUG PhysicsWorld         - Using strategy: BRUTE_FORCE
16:21:02.714 [FXGL Background Thread 1 ] DEBUG GameScene            - Game scene initialized: 960x720
16:21:02.723 [FXGL Background Thread 1 ] DEBUG FXGL.DefaultMenu     - createMenuBodyGameMenu()
16:21:02.732 [FXGL Background Thread 1 ] DEBUG FXGL.DefaultMenu     - createOptionsMenu()
16:21:02.744 [FXGL Background Thread 1 ] DEBUG FXGLAssetLoaderServi - Loading from file system: jar:file:///C:/Users/23653/.m2/repository/com/github/almasb/fxgl/17.2/fxgl-17.2.jar!/fxglassets/textures/particles/smoke.png
16:21:02.833 [FXGL Background Thread 1 ] DEBUG FXGLAssetLoaderServi - Loading from file system: jar:file:///C:/Users/23653/.m2/repository/com/github/almasb/fxgl/17.2/fxgl-17.2.jar!/fxglassets/textures/particles/trace_horizontal.png
16:21:02.851 [FXGL Background Thread 1 ] DEBUG GameApplicationServi - Application scenes initialized
16:21:02.859 [FXGL Background Thread 1 ] DEBUG SystemBundleService  - Loading FXGL system data
16:21:02.862 [FXGL Background Thread 1 ] DEBUG FileSystemAccess     - Reading from: D:\JAVA结课作业\demo\system\fxgl.bundle
16:21:02.869 [FXGL Background Thread 1 ] DEBUG SystemBundleService  - Bundle FXGL: {}
16:21:02.869 [FXGL Background Thread 1 ] DEBUG UpdaterService       - Checking for updates
16:21:02.872 [FXGL Background Thread 4 ] DEBUG FXGLApplication      - Loading fonts
16:21:02.873 [FXGL Background Thread 1 ] DEBUG FXGLApplication      - Loading default localization
16:21:02.873 [FXGL Background Thread 4 ] DEBUG FXGLAssetLoaderServi - Loading from file system: jar:file:///C:/Users/23653/.m2/repository/com/github/almasb/fxgl/17.2/fxgl-17.2.jar!/fxglassets/ui/fonts/VarelaRound-Regular.ttf
16:21:02.874 [FXGL Background Thread 1 ] DEBUG FXGLAssetLoaderServi - Loading from file system: jar:file:///C:/Users/23653/.m2/repository/com/github/almasb/fxgl/17.2/fxgl-17.2.jar!/fxglassets/languages/english.lang
16:21:02.896 [FXGL Background Thread 1 ] INFO  FXGLApplication      - FXGL initialization took: 0.390 sec
16:21:02.902 [JavaFX Application Thread] DEBUG Input                - Registered new binding: up - W
16:21:02.902 [JavaFX Application Thread] DEBUG Input                - Registered new binding: down - S
16:21:02.902 [JavaFX Application Thread] DEBUG Input                - Registered new binding: left - A
16:21:02.902 [JavaFX Application Thread] DEBUG Input                - Registered new binding: right - D
16:21:02.903 [JavaFX Application Thread] DEBUG FXGLAssetLoaderServi - Loading from file system: file:/D:/JAVA结课作业/demo/target/classes/assets/music/森林狂想曲.mp3
16:21:02.922 [FXGL Background Thread 4 ] DEBUG FXGLAssetLoaderServi - Loading from file system: jar:file:///C:/Users/23653/.m2/repository/com/github/almasb/fxgl/17.2/fxgl-17.2.jar!/fxglassets/ui/fonts/Abel-Regular.ttf
16:21:02.924 [FXGL Background Thread 4 ] DEBUG FXGLAssetLoaderServi - Loading from file system: jar:file:///C:/Users/23653/.m2/repository/com/github/almasb/fxgl/17.2/fxgl-17.2.jar!/fxglassets/ui/fonts/TerminalLandMono-Regular.otf
16:21:02.926 [FXGL Background Thread 4 ] DEBUG FXGLAssetLoaderServi - Loading from file system: jar:file:///C:/Users/23653/.m2/repository/com/github/almasb/fxgl/17.2/fxgl-17.2.jar!/fxglassets/ui/fonts/Courier-Prime.ttf
16:21:03.029 [JavaFX Application Thread] DEBUG AudioPlayer          - Playing music com.almasb.fxgl.audio.Music@1082b956
16:21:03.030 [JavaFX Application Thread] DEBUG FXGLAssetLoaderServi - Loading from file system: jar:file:///C:/Users/23653/.m2/repository/com/github/almasb/fxgl/17.2/fxgl-17.2.jar!/fxglassets/textures/fxgl_icon.png
16:21:03.050 [JavaFX Application Thread] DEBUG FXGLAssetLoaderServi - Loading from file system: jar:file:///C:/Users/23653/.m2/repository/com/github/almasb/fxgl/17.2/fxgl-17.2.jar!/fxglassets/textures/fxgl_default_cursor.png
16:21:03.052 [JavaFX Application Thread] DEBUG Input                - Registered new binding: Screenshot - CTRL+8
16:21:03.052 [JavaFX Application Thread] DEBUG Input                - Registered new binding: System info dump - CTRL+9
16:21:03.052 [JavaFX Application Thread] DEBUG Input                - Registered new binding: Restart - CTRL+R
16:21:03.053 [JavaFX Application Thread] DEBUG Input                - Registered new binding: Toggle Debug Camera - CTRL+7
16:21:03.054 [JavaFX Application Thread] DEBUG LoopRunner           - Starting loop
16:21:03.054 [JavaFX Application Thread] DEBUG LoopRunner           - Initializing JavaFX AnimationTimerLoop
16:21:03.055 [JavaFX Application Thread] DEBUG GameApplicationServi - Starting new game
16:21:03.056 [JavaFX Application Thread] DEBUG Input                - Clearing active input actions
16:21:03.070 [JavaFX Application Thread] DEBUG GameApplicationServi - Removing overlay from FXGLStartupScene and adding to FXGLLoadingScene
16:21:03.070 [JavaFX Application Thread] DEBUG PrimaryStageWindow   - FXGLStartupScene -> FXGLLoadingScene
16:21:03.070 [JavaFX Application Thread] DEBUG GameApplicationServi - Clearing previous game
16:21:03.070 [JavaFX Application Thread] DEBUG GameScene            - Clearing game scene
16:21:03.070 [JavaFX Application Thread] DEBUG GameWorld            - Clearing game world
16:21:03.070 [JavaFX Application Thread] DEBUG PhysicsWorld         - Clearing physics world
16:21:03.072 [JavaFX Application Thread] DEBUG FXGLApplication      - Registering font factories with UI factory
16:21:03.072 [FXGL Background Thread 4 ] DEBUG FXGLApplication      - Initializing game
16:21:03.108 [FXGL Background Thread 4 ] WARN  TMXLevelLoader       - TiledMap generated from 1.10.2. Supported version: 1.9.0. Some features may not be parsed fully.
16:21:03.116 [FXGL Background Thread 4 ] DEBUG TMXLevelLoader       - Parsed TiledMap: file:/D:/JAVA结课作业/demo/target/classes/assets/levels/tmx/地图3.tmx
16:21:03.118 [FXGL Background Thread 4 ] DEBUG TMXLevelLoader       - Creating tile layer entities
16:21:03.120 [FXGL Background Thread 4 ] DEBUG TilesetLoader        - Loading view for layer 图块层 1
16:21:03.121 [FXGL Background Thread 4 ] DEBUG TilesetLoader        - Created buffer with size 960.0x720.0
16:21:03.131 [FXGL Background Thread 4 ] DEBUG TMXLevelLoader       - Creating object layer entities
16:21:03.180 [FXGL Background Thread 4 ] DEBUG GameWorld            - Clearing removable entities
16:21:03.184 [FXGL Background Thread 4 ] DEBUG GameWorld            - Setting level: com.almasb.fxgl.entity.level.Level@3c2afb08
16:21:03.250 [FXGL Background Thread 4 ] DEBUG FXGLAssetLoaderServi - Loading from file system: file:/D:/JAVA结课作业/demo/target/classes/assets/textures/player.PNG
16:21:03.267 [FXGL Background Thread 4 ] INFO  FXGLApplication      - Game initialization took: 0.194 sec
16:21:03.269 [JavaFX Application Thread] DEBUG Input                - Clearing active input actions
16:21:03.278 [JavaFX Application Thread] DEBUG GameApplicationServi - Removing overlay from FXGLLoadingScene and adding to GameScene
16:21:03.278 [JavaFX Application Thread] DEBUG PrimaryStageWindow   - FXGLLoadingScene -> GameScene
16:21:05.872 [FXGL Background Thread 3 ] DEBUG Engine               - Logging environment variables
16:21:05.872 [FXGL Background Thread 3 ] DEBUG Engine               - achievements: []
16:21:05.874 [FXGL Background Thread 3 ] DEBUG Engine               - actualHeight: 720.0
16:21:05.874 [FXGL Background Thread 3 ] DEBUG Engine               - actualHeightProperty: ReadOnlyDoubleProperty [value: 720.0]
16:21:05.874 [FXGL Background Thread 3 ] DEBUG Engine               - actualWidth: 960.0
16:21:05.874 [FXGL Background Thread 3 ] DEBUG Engine               - actualWidthProperty: ReadOnlyDoubleProperty [value: 960.0]
16:21:05.874 [FXGL Background Thread 3 ] DEBUG Engine               - appIcon: fxgl_icon.png
16:21:05.874 [FXGL Background Thread 3 ] DEBUG Engine               - applicationMode: DEVELOPER
16:21:05.874 [FXGL Background Thread 3 ] DEBUG Engine               - cSSList: [fxgl_dark.css]
16:21:05.874 [FXGL Background Thread 3 ] DEBUG Engine               - collisionDetectionStrategy: BRUTE_FORCE
16:21:05.874 [FXGL Background Thread 3 ] DEBUG Engine               - configClass: Optional.empty
16:21:05.874 [FXGL Background Thread 3 ] DEBUG Engine               - credits: []
16:21:05.875 [FXGL Background Thread 3 ] DEBUG Engine               - defaultCursor: CursorInfo(imageName=fxgl_default_cursor.png, hotspotX=7.0, hotspotY=6.0)
16:21:05.875 [FXGL Background Thread 3 ] DEBUG Engine               - devBBoxColorProperty: ObjectProperty [value: 0xff0000ff]
16:21:05.875 [FXGL Background Thread 3 ] DEBUG Engine               - devEnableDebugCameraProperty: BooleanProperty [value: false]
16:21:05.875 [FXGL Background Thread 3 ] DEBUG Engine               - devSensorColorProperty: ObjectProperty [value: 0xffff00ff]
16:21:05.875 [FXGL Background Thread 3 ] DEBUG Engine               - devShowBBoxProperty: BooleanProperty [value: false]
16:21:05.875 [FXGL Background Thread 3 ] DEBUG Engine               - devShowPositionProperty: BooleanProperty [value: false]
16:21:05.875 [FXGL Background Thread 3 ] DEBUG Engine               - enabledMenuItems: []
16:21:05.876 [FXGL Background Thread 3 ] DEBUG Engine               - engineServices: [class com.almasb.fxgl.app.services.FXGLAssetLoaderService, class com.almasb.fxgl.app.FXGLApplication$GameApplicationService, class com.almasb.fxgl.app.services.FXGLDialogService, class com.almasb.fxgl.app.services.IOTaskExecutorService, class com.almasb.fxgl.io.FileSystemService, class com.almasb.fxgl.localization.LocalizationService, class com.almasb.fxgl.app.services.SystemBundleService, class com.almasb.fxgl.profile.SaveLoadService, class com.almasb.fxgl.ui.FXGLUIFactoryServiceProvider, class com.almasb.fxgl.ui.FXGLDialogFactoryServiceProvider, class com.almasb.fxgl.audio.AudioPlayer, class com.almasb.fxgl.notification.impl.NotificationServiceProvider, class com.almasb.fxgl.achievement.AchievementService, class com.almasb.fxgl.cutscene.CutsceneService, class com.almasb.fxgl.minigames.MiniGameService, class com.almasb.fxgl.net.NetService, class com.almasb.fxgl.app.services.UpdaterService, class com.almasb.fxgl.dev.DevService]
16:21:05.876 [FXGL Background Thread 3 ] DEBUG Engine               - fontGame: Abel-Regular.ttf
16:21:05.876 [FXGL Background Thread 3 ] DEBUG Engine               - fontMono: TerminalLandMono-Regular.otf
16:21:05.876 [FXGL Background Thread 3 ] DEBUG Engine               - fontText: Courier-Prime.ttf
16:21:05.876 [FXGL Background Thread 3 ] DEBUG Engine               - fontUI: VarelaRound-Regular.ttf
16:21:05.876 [FXGL Background Thread 3 ] DEBUG Engine               - fullScreen: BooleanProperty [value: false]
16:21:05.876 [FXGL Background Thread 3 ] DEBUG Engine               - gameDifficulty: MEDIUM
16:21:05.876 [FXGL Background Thread 3 ] DEBUG Engine               - gameDifficultyProperty: ObjectProperty [value: MEDIUM]
16:21:05.876 [FXGL Background Thread 3 ] DEBUG Engine               - globalMusicVolume: 0.5
16:21:05.876 [FXGL Background Thread 3 ] DEBUG Engine               - globalMusicVolumeProperty: DoubleProperty [value: 0.5]
16:21:05.876 [FXGL Background Thread 3 ] DEBUG Engine               - globalSoundVolume: 0.5
16:21:05.876 [FXGL Background Thread 3 ] DEBUG Engine               - globalSoundVolumeProperty: DoubleProperty [value: 0.5]
16:21:05.876 [FXGL Background Thread 3 ] DEBUG Engine               - height: 720
16:21:05.876 [FXGL Background Thread 3 ] DEBUG Engine               - is3D: false
16:21:05.877 [FXGL Background Thread 3 ] DEBUG Engine               - isAndroid: false
16:21:05.877 [FXGL Background Thread 3 ] DEBUG Engine               - isBrowser: false
16:21:05.877 [FXGL Background Thread 3 ] DEBUG Engine               - isClickFeedbackEnabled: false
16:21:05.877 [FXGL Background Thread 3 ] DEBUG Engine               - isCloseConfirmation: false
16:21:05.877 [FXGL Background Thread 3 ] DEBUG Engine               - isDesktop: true
16:21:05.877 [FXGL Background Thread 3 ] DEBUG Engine               - isDeveloperMenuEnabled: false
16:21:05.877 [FXGL Background Thread 3 ] DEBUG Engine               - isEmbedded: false
16:21:05.877 [FXGL Background Thread 3 ] DEBUG Engine               - isEntityPreloadEnabled: true
16:21:05.877 [FXGL Background Thread 3 ] DEBUG Engine               - isExperimentalTiledLargeMap: false
16:21:05.877 [FXGL Background Thread 3 ] DEBUG Engine               - isFileSystemWriteAllowed: true
16:21:05.877 [FXGL Background Thread 3 ] DEBUG Engine               - isFullScreenAllowed: false
16:21:05.877 [FXGL Background Thread 3 ] DEBUG Engine               - isFullScreenFromStart: false
16:21:05.877 [FXGL Background Thread 3 ] DEBUG Engine               - isGameMenuEnabled: true
16:21:05.877 [FXGL Background Thread 3 ] DEBUG Engine               - isIOS: false
16:21:05.877 [FXGL Background Thread 3 ] DEBUG Engine               - isIntroEnabled: false
16:21:05.877 [FXGL Background Thread 3 ] DEBUG Engine               - isLinux: false
16:21:05.877 [FXGL Background Thread 3 ] DEBUG Engine               - isMac: false
16:21:05.877 [FXGL Background Thread 3 ] DEBUG Engine               - isMainMenuEnabled: false
16:21:05.877 [FXGL Background Thread 3 ] DEBUG Engine               - isManualResizeEnabled: false
16:21:05.877 [FXGL Background Thread 3 ] DEBUG Engine               - isMobile: false
16:21:05.877 [FXGL Background Thread 3 ] DEBUG Engine               - isNative: false
16:21:05.877 [FXGL Background Thread 3 ] DEBUG Engine               - isPauseMusicWhenMinimized: true
16:21:05.877 [FXGL Background Thread 3 ] DEBUG Engine               - isPreserveResizeRatio: false
16:21:05.877 [FXGL Background Thread 3 ] DEBUG Engine               - isProfilingEnabled: false
16:21:05.877 [FXGL Background Thread 3 ] DEBUG Engine               - isScaleAffectedOnResize: true
16:21:05.877 [FXGL Background Thread 3 ] DEBUG Engine               - isSingleStep: false
16:21:05.877 [FXGL Background Thread 3 ] DEBUG Engine               - isUserProfileEnabled: false
16:21:05.877 [FXGL Background Thread 3 ] DEBUG Engine               - isWindows: true
16:21:05.877 [FXGL Background Thread 3 ] DEBUG Engine               - language: ObjectProperty [value: ENGLISH]
16:21:05.877 [FXGL Background Thread 3 ] DEBUG Engine               - menuKey: ESCAPE
16:21:05.877 [FXGL Background Thread 3 ] DEBUG Engine               - mouseSensitivity: 0.2
16:21:05.877 [FXGL Background Thread 3 ] DEBUG Engine               - notificationViewClass: class com.almasb.fxgl.notification.view.XboxNotificationView
16:21:05.878 [FXGL Background Thread 3 ] DEBUG Engine               - pixelsPerMeter: 50.0
16:21:05.878 [FXGL Background Thread 3 ] DEBUG Engine               - platform: WINDOWS
16:21:05.878 [FXGL Background Thread 3 ] DEBUG Engine               - prefHeightProperty: ReadOnlyDoubleProperty [value: 720.0]
16:21:05.878 [FXGL Background Thread 3 ] DEBUG Engine               - prefWidthProperty: ReadOnlyDoubleProperty [value: 960.0]
16:21:05.878 [FXGL Background Thread 3 ] DEBUG Engine               - profileDir: profiles/
16:21:05.878 [FXGL Background Thread 3 ] DEBUG Engine               - profileName: StringProperty [value: DEFAULT]
16:21:05.878 [FXGL Background Thread 3 ] DEBUG Engine               - randomSeed: -1
16:21:05.879 [FXGL Background Thread 3 ] DEBUG Engine               - runtimeInfo: RuntimeInfo(platform=WINDOWS, version=17.2, build=20.08.2022 16.50)
16:21:05.879 [FXGL Background Thread 3 ] DEBUG Engine               - saveFileExt: sav
16:21:05.879 [FXGL Background Thread 3 ] DEBUG Engine               - scaledHeightProp$fxgl: DoubleProperty [bound, value: 720.0]
16:21:05.879 [FXGL Background Thread 3 ] DEBUG Engine               - scaledWidthProp$fxgl: DoubleProperty [bound, value: 960.0]
16:21:05.879 [FXGL Background Thread 3 ] DEBUG Engine               - sceneFactory: com.almasb.fxgl.app.scene.SceneFactory@46d3c87e
16:21:05.879 [FXGL Background Thread 3 ] DEBUG Engine               - secondsIn24h: 60
16:21:05.879 [FXGL Background Thread 3 ] DEBUG Engine               - soundMenuBack: menu/back.wav
16:21:05.879 [FXGL Background Thread 3 ] DEBUG Engine               - soundMenuPress: menu/press.wav
16:21:05.879 [FXGL Background Thread 3 ] DEBUG Engine               - soundMenuSelect: menu/select.wav
16:21:05.879 [FXGL Background Thread 3 ] DEBUG Engine               - soundNotification: core/notification.wav
16:21:05.879 [FXGL Background Thread 3 ] DEBUG Engine               - stageStyle: DECORATED
16:21:05.879 [FXGL Background Thread 3 ] DEBUG Engine               - supportedLanguages: [ENGLISH, FRENCH, GERMAN, HUNGARIAN, RUSSIAN]
16:21:05.879 [FXGL Background Thread 3 ] DEBUG Engine               - ticksPerSecond: -1
16:21:05.879 [FXGL Background Thread 3 ] DEBUG Engine               - title: Basic Game Sample
16:21:05.879 [FXGL Background Thread 3 ] DEBUG Engine               - urlGithub: https://github.com/AlmasB/FXGL
16:21:05.879 [FXGL Background Thread 3 ] DEBUG Engine               - urlLeaderboard: http://fxgl-top.herokuapp.com/
16:21:05.879 [FXGL Background Thread 3 ] DEBUG Engine               - urlPOM: https://raw.githubusercontent.com/AlmasB/FXGL/release/README.md
16:21:05.879 [FXGL Background Thread 3 ] DEBUG Engine               - userAppClass: class com.TianYaNing.BasicGameSample.BasicGameSample
16:21:05.879 [FXGL Background Thread 3 ] DEBUG Engine               - version: 0.1
16:21:05.879 [FXGL Background Thread 3 ] DEBUG Engine               - versionCheckDays: 7
16:21:05.879 [FXGL Background Thread 3 ] DEBUG Engine               - width: 960
16:21:05.879 [FXGL Background Thread 3 ] DEBUG Engine               - Logging services
16:21:05.879 [FXGL Background Thread 3 ] DEBUG Engine               - class com.almasb.fxgl.app.services.FXGLAssetLoaderService
16:21:05.879 [FXGL Background Thread 3 ] DEBUG Engine               - class com.almasb.fxgl.app.FXGLApplication$GameApplicationService
16:21:05.879 [FXGL Background Thread 3 ] DEBUG Engine               - class com.almasb.fxgl.app.services.FXGLDialogService
16:21:05.879 [FXGL Background Thread 3 ] DEBUG Engine               - class com.almasb.fxgl.app.services.IOTaskExecutorService
16:21:05.879 [FXGL Background Thread 3 ] DEBUG Engine               - class com.almasb.fxgl.io.FileSystemService
16:21:05.879 [FXGL Background Thread 3 ] DEBUG Engine               - class com.almasb.fxgl.localization.LocalizationService
16:21:05.879 [FXGL Background Thread 3 ] DEBUG Engine               - class com.almasb.fxgl.app.services.SystemBundleService
16:21:05.879 [FXGL Background Thread 3 ] DEBUG Engine               - class com.almasb.fxgl.profile.SaveLoadService
16:21:05.879 [FXGL Background Thread 3 ] DEBUG Engine               - class com.almasb.fxgl.ui.FXGLUIFactoryServiceProvider
16:21:05.879 [FXGL Background Thread 3 ] DEBUG Engine               - class com.almasb.fxgl.ui.FXGLDialogFactoryServiceProvider
16:21:05.879 [FXGL Background Thread 3 ] DEBUG Engine               - class com.almasb.fxgl.audio.AudioPlayer
16:21:05.879 [FXGL Background Thread 3 ] DEBUG Engine               - class com.almasb.fxgl.notification.impl.NotificationServiceProvider
16:21:05.879 [FXGL Background Thread 3 ] DEBUG Engine               - class com.almasb.fxgl.achievement.AchievementService
16:21:05.879 [FXGL Background Thread 3 ] DEBUG Engine               - class com.almasb.fxgl.cutscene.CutsceneService
16:21:05.879 [FXGL Background Thread 3 ] DEBUG Engine               - class com.almasb.fxgl.minigames.MiniGameService
16:21:05.879 [FXGL Background Thread 3 ] DEBUG Engine               - class com.almasb.fxgl.net.NetService
16:21:05.879 [FXGL Background Thread 3 ] DEBUG Engine               - class com.almasb.fxgl.app.services.UpdaterService
16:21:05.879 [FXGL Background Thread 3 ] DEBUG Engine               - class com.almasb.fxgl.dev.DevService
16:21:10.755 [JavaFX Application Thread] DEBUG PrimaryStageWindow   - Push state: PlantScene
16:21:10.755 [JavaFX Application Thread] DEBUG Input                - Clearing active input actions
16:21:10.759 [JavaFX Application Thread] DEBUG GameApplicationServi - Removing overlay from GameScene and adding to PlantScene
16:21:10.760 [JavaFX Application Thread] DEBUG PrimaryStageWindow   - GameScene -> PlantScene
16:21:12.327 [JavaFX Application Thread] DEBUG FXGLAssetLoaderServi - Loading from file system: file:/D:/JAVA结课作业/demo/target/classes/assets/textures/wild%20pansy%201.png
16:21:13.653 [JavaFX Application Thread] DEBUG PrimaryStageWindow   - Pop state: PlantScene
16:21:13.653 [JavaFX Application Thread] DEBUG Input                - Clearing active input actions
16:21:13.656 [JavaFX Application Thread] DEBUG GameApplicationServi - Removing overlay from PlantScene and adding to GameScene
16:21:13.657 [JavaFX Application Thread] DEBUG PrimaryStageWindow   - GameScene <- PlantScene
16:21:18.767 [JavaFX Application Thread] DEBUG FXGLAssetLoaderServi - Loading from file system: file:/D:/JAVA结课作业/demo/target/classes/assets/textures/wild%20pansy%202.png
16:21:23.680 [JavaFX Application Thread] DEBUG FXGLAssetLoaderServi - Loading from file system: file:/D:/JAVA结课作业/demo/target/classes/assets/textures/wild%20pansy%203.png
16:21:24.766 [FXGL Background Thread 2 ] WARN  UpdaterService       - Failed to find updates: java.net.SocketException: 由于连接方在一段时间后没有正确答复或连接的主机没有反应，连接尝试失败。
16:21:28.719 [JavaFX Application Thread] DEBUG FXGLAssetLoaderServi - Loading from file system: file:/D:/JAVA结课作业/demo/target/classes/assets/textures/wild%20pansy%204.png
16:21:33.710 [JavaFX Application Thread] DEBUG FXGLAssetLoaderServi - Loading from file system: file:/D:/JAVA结课作业/demo/target/classes/assets/textures/wild%20pansy%205.png
16:21:35.251 [JavaFX Application Thread] DEBUG PrimaryStageWindow   - Push state: HarvestScene
16:21:35.251 [JavaFX Application Thread] DEBUG Input                - Clearing active input actions
16:21:35.251 [JavaFX Application Thread] DEBUG GameApplicationServi - Removing overlay from GameScene and adding to HarvestScene
16:21:35.251 [JavaFX Application Thread] DEBUG PrimaryStageWindow   - GameScene -> HarvestScene
16:21:38.844 [JavaFX Application Thread] DEBUG PrimaryStageWindow   - Pop state: HarvestScene
16:21:38.844 [JavaFX Application Thread] DEBUG Input                - Clearing active input actions
16:21:38.845 [JavaFX Application Thread] DEBUG GameApplicationServi - Removing overlay from HarvestScene and adding to GameScene
16:21:38.845 [JavaFX Application Thread] DEBUG PrimaryStageWindow   - GameScene <- HarvestScene
16:21:41.286 [JavaFX Application Thread] DEBUG PrimaryStageWindow   - Push state: BagScene
16:21:41.286 [JavaFX Application Thread] DEBUG Input                - Clearing active input actions
16:21:41.286 [JavaFX Application Thread] DEBUG GameApplicationServi - Removing overlay from GameScene and adding to BagScene
16:21:41.286 [JavaFX Application Thread] DEBUG PrimaryStageWindow   - GameScene -> BagScene
16:21:42.257 [JavaFX Application Thread] DEBUG PrimaryStageWindow   - Push state: InformationScene
16:21:42.257 [JavaFX Application Thread] DEBUG Input                - Clearing active input actions
16:21:42.258 [JavaFX Application Thread] DEBUG GameApplicationServi - Removing overlay from BagScene and adding to InformationScene
16:21:42.258 [JavaFX Application Thread] DEBUG PrimaryStageWindow   - BagScene -> InformationScene
16:21:45.541 [JavaFX Application Thread] DEBUG PrimaryStageWindow   - Pop state: InformationScene
16:21:45.541 [JavaFX Application Thread] DEBUG Input                - Clearing active input actions
16:21:45.542 [JavaFX Application Thread] DEBUG GameApplicationServi - Removing overlay from InformationScene and adding to BagScene
16:21:45.542 [JavaFX Application Thread] DEBUG PrimaryStageWindow   - BagScene <- InformationScene
16:21:46.048 [JavaFX Application Thread] DEBUG PrimaryStageWindow   - Pop state: BagScene
16:21:46.048 [JavaFX Application Thread] DEBUG Input                - Clearing active input actions
16:21:46.048 [JavaFX Application Thread] DEBUG GameApplicationServi - Removing overlay from BagScene and adding to GameScene
16:21:46.048 [JavaFX Application Thread] DEBUG PrimaryStageWindow   - GameScene <- BagScene
16:21:48.304 [JavaFX Application Thread] DEBUG FXGLApplication      - Exiting FXGL
16:21:48.304 [JavaFX Application Thread] DEBUG LoopRunner           - Stopping loop
16:21:48.304 [JavaFX Application Thread] DEBUG SystemBundleService  - Saving FXGL system data
16:21:48.305 [JavaFX Application Thread] DEBUG FileSystemAccess     - Writing to: D:\JAVA结课作业\demo\system\fxgl.bundle
16:21:48.307 [JavaFX Application Thread] DEBUG Async                - Shutting down background threads
16:21:48.307 [JavaFX Application Thread] DEBUG PrimaryStageWindow   - Closing main window
16:21:48.319 [JavaFX Application Thread] DEBUG Logger               - Closing Logger
