16:27:34.174 [main                     ] DEBUG Logger               - Configured Logger
16:27:34.204 [main                     ] DEBUG GameApplication      - Logging settings
Title: Basic Game Sample
Version: 0.1
Width: 960
Height: 720
Fullscreen: false
Intro: false
Profiling: false
Single step:false
App Mode: DEVELOPER
Menu Key: ESCAPE
Stage Style: DECORATED
Scene Factory: class com.almasb.fxgl.app.scene.SceneFactory

16:27:34.468 [JavaFX Application Thread] DEBUG FXGLApplication      - Initializing FXGL
16:27:34.472 [JavaFX Application Thread] INFO  Engine               - FXGL-17.2 (20.08.2022 16.50) on WINDOWS (J:19.0.2 FX:17.0.6)
16:27:34.472 [JavaFX Application Thread] DEBUG Engine               - JRE Vendor Name: Amazon.com Inc.
16:27:34.472 [JavaFX Application Thread] DEBUG Engine               - Running on OS: Windows 11 version 10.0
16:27:34.473 [JavaFX Application Thread] DEBUG Engine               - Architecture: amd64
16:27:34.473 [JavaFX Application Thread] INFO  Engine               - Source code and latest versions at: https://github.com/AlmasB/FXGL
16:27:34.473 [JavaFX Application Thread] INFO  Engine               -       Ask questions and discuss at: https://github.com/AlmasB/FXGL/discussions
16:27:34.473 [JavaFX Application Thread] INFO  Engine               -              Join the FXGL chat at: https://gitter.im/AlmasB/FXGL
16:27:34.520 [JavaFX Application Thread] DEBUG PrimaryStageWindow   - Creating a JavaFX scene
16:27:34.546 [JavaFX Application Thread] DEBUG PrimaryStageWindow   - Target settings size: 960.0 x 720.0
16:27:34.546 [JavaFX Application Thread] DEBUG PrimaryStageWindow   - Scaled scene size:    960.0 x 720.0
16:27:34.547 [JavaFX Application Thread] DEBUG PrimaryStageWindow   - Scaled ratio: (1.0, 1.0)
16:27:34.547 [JavaFX Application Thread] DEBUG PrimaryStageWindow   - Set initial scene to FXGLStartupScene
16:27:34.551 [JavaFX Application Thread] DEBUG PrimaryStageWindow   - Opening main window
16:27:34.662 [JavaFX Application Thread] DEBUG PrimaryStageWindow   - Window border size: (13.0, 35.5)
16:27:34.662 [JavaFX Application Thread] DEBUG PrimaryStageWindow   - Scaled size: 960.0 x 720.0
16:27:34.662 [JavaFX Application Thread] DEBUG PrimaryStageWindow   - Scaled ratio: (1.0, 1.0)
16:27:34.662 [JavaFX Application Thread] DEBUG PrimaryStageWindow   - Scene size: 960.0 x 720.0
16:27:34.662 [JavaFX Application Thread] DEBUG PrimaryStageWindow   - Stage size: 973.0 x 755.5
16:27:34.668 [FXGL Background Thread 1 ] DEBUG Engine               - Initializing environment variables
16:27:34.709 [FXGL Background Thread 1 ] DEBUG FXGLAssetLoaderServi - User app class for loading assets: class com.TianYaNing.BasicGameSample.BasicGameSample
16:27:34.709 [FXGL Background Thread 1 ] DEBUG GameApplicationServi - Applying CSS: fxgl_dark.css
16:27:34.710 [FXGL Background Thread 1 ] DEBUG FXGLAssetLoaderServi - Loading from file system: jar:file:///C:/Users/23653/.m2/repository/com/github/almasb/fxgl/17.2/fxgl-17.2.jar!/fxglassets/ui/css/fxgl_dark.css
16:27:34.745 [FXGL Background Thread 1 ] DEBUG GameApplicationServi - Initializing application scenes
16:27:34.814 [FXGL Background Thread 1 ] DEBUG GameWorld            - Game world initialized
16:27:34.869 [FXGL Background Thread 1 ] DEBUG PhysicsWorld         - Physics world initialized: appHeight=720, physics.ppm=50.0
16:27:34.869 [FXGL Background Thread 1 ] DEBUG PhysicsWorld         - Using strategy: BRUTE_FORCE
16:27:34.873 [FXGL Background Thread 1 ] DEBUG GameScene            - Game scene initialized: 960x720
16:27:34.880 [FXGL Background Thread 1 ] DEBUG FXGL.DefaultMenu     - createMenuBodyGameMenu()
16:27:34.889 [FXGL Background Thread 1 ] DEBUG FXGL.DefaultMenu     - createOptionsMenu()
16:27:34.897 [FXGL Background Thread 1 ] DEBUG FXGLAssetLoaderServi - Loading from file system: jar:file:///C:/Users/23653/.m2/repository/com/github/almasb/fxgl/17.2/fxgl-17.2.jar!/fxglassets/textures/particles/smoke.png
16:27:34.989 [FXGL Background Thread 1 ] DEBUG FXGLAssetLoaderServi - Loading from file system: jar:file:///C:/Users/23653/.m2/repository/com/github/almasb/fxgl/17.2/fxgl-17.2.jar!/fxglassets/textures/particles/trace_horizontal.png
16:27:35.009 [FXGL Background Thread 1 ] DEBUG GameApplicationServi - Application scenes initialized
16:27:35.018 [FXGL Background Thread 1 ] DEBUG SystemBundleService  - Loading FXGL system data
16:27:35.022 [FXGL Background Thread 1 ] DEBUG FileSystemAccess     - Reading from: D:\JAVA结课作业\demo\system\fxgl.bundle
16:27:35.029 [FXGL Background Thread 1 ] DEBUG SystemBundleService  - Bundle FXGL: {}
16:27:35.029 [FXGL Background Thread 1 ] DEBUG UpdaterService       - Checking for updates
16:27:35.033 [FXGL Background Thread 4 ] DEBUG FXGLApplication      - Loading fonts
16:27:35.033 [FXGL Background Thread 1 ] DEBUG FXGLApplication      - Loading default localization
16:27:35.033 [FXGL Background Thread 4 ] DEBUG FXGLAssetLoaderServi - Loading from file system: jar:file:///C:/Users/23653/.m2/repository/com/github/almasb/fxgl/17.2/fxgl-17.2.jar!/fxglassets/ui/fonts/VarelaRound-Regular.ttf
16:27:35.035 [FXGL Background Thread 1 ] DEBUG FXGLAssetLoaderServi - Loading from file system: jar:file:///C:/Users/23653/.m2/repository/com/github/almasb/fxgl/17.2/fxgl-17.2.jar!/fxglassets/languages/english.lang
16:27:35.058 [FXGL Background Thread 1 ] INFO  FXGLApplication      - FXGL initialization took: 0.390 sec
16:27:35.064 [JavaFX Application Thread] DEBUG Input                - Registered new binding: up - W
16:27:35.064 [JavaFX Application Thread] DEBUG Input                - Registered new binding: down - S
16:27:35.064 [JavaFX Application Thread] DEBUG Input                - Registered new binding: left - A
16:27:35.065 [JavaFX Application Thread] DEBUG Input                - Registered new binding: right - D
16:27:35.065 [JavaFX Application Thread] DEBUG FXGLAssetLoaderServi - Loading from file system: file:/D:/JAVA结课作业/demo/target/classes/assets/music/森林狂想曲.mp3
16:27:35.088 [FXGL Background Thread 4 ] DEBUG FXGLAssetLoaderServi - Loading from file system: jar:file:///C:/Users/23653/.m2/repository/com/github/almasb/fxgl/17.2/fxgl-17.2.jar!/fxglassets/ui/fonts/Abel-Regular.ttf
16:27:35.090 [FXGL Background Thread 4 ] DEBUG FXGLAssetLoaderServi - Loading from file system: jar:file:///C:/Users/23653/.m2/repository/com/github/almasb/fxgl/17.2/fxgl-17.2.jar!/fxglassets/ui/fonts/TerminalLandMono-Regular.otf
16:27:35.092 [FXGL Background Thread 4 ] DEBUG FXGLAssetLoaderServi - Loading from file system: jar:file:///C:/Users/23653/.m2/repository/com/github/almasb/fxgl/17.2/fxgl-17.2.jar!/fxglassets/ui/fonts/Courier-Prime.ttf
16:27:35.191 [JavaFX Application Thread] DEBUG AudioPlayer          - Playing music com.almasb.fxgl.audio.Music@3f3b76cb
16:27:35.191 [JavaFX Application Thread] DEBUG FXGLAssetLoaderServi - Loading from file system: jar:file:///C:/Users/23653/.m2/repository/com/github/almasb/fxgl/17.2/fxgl-17.2.jar!/fxglassets/textures/fxgl_icon.png
16:27:35.203 [JavaFX Application Thread] DEBUG FXGLAssetLoaderServi - Loading from file system: jar:file:///C:/Users/23653/.m2/repository/com/github/almasb/fxgl/17.2/fxgl-17.2.jar!/fxglassets/textures/fxgl_default_cursor.png
16:27:35.204 [JavaFX Application Thread] DEBUG Input                - Registered new binding: Screenshot - CTRL+8
16:27:35.204 [JavaFX Application Thread] DEBUG Input                - Registered new binding: System info dump - CTRL+9
16:27:35.205 [JavaFX Application Thread] DEBUG Input                - Registered new binding: Restart - CTRL+R
16:27:35.205 [JavaFX Application Thread] DEBUG Input                - Registered new binding: Toggle Debug Camera - CTRL+7
16:27:35.207 [JavaFX Application Thread] DEBUG LoopRunner           - Starting loop
16:27:35.207 [JavaFX Application Thread] DEBUG LoopRunner           - Initializing JavaFX AnimationTimerLoop
16:27:35.208 [JavaFX Application Thread] DEBUG GameApplicationServi - Starting new game
16:27:35.208 [JavaFX Application Thread] DEBUG Input                - Clearing active input actions
16:27:35.221 [JavaFX Application Thread] DEBUG GameApplicationServi - Removing overlay from FXGLStartupScene and adding to FXGLLoadingScene
16:27:35.222 [JavaFX Application Thread] DEBUG PrimaryStageWindow   - FXGLStartupScene -> FXGLLoadingScene
16:27:35.222 [JavaFX Application Thread] DEBUG GameApplicationServi - Clearing previous game
16:27:35.222 [JavaFX Application Thread] DEBUG GameScene            - Clearing game scene
16:27:35.222 [JavaFX Application Thread] DEBUG GameWorld            - Clearing game world
16:27:35.222 [JavaFX Application Thread] DEBUG PhysicsWorld         - Clearing physics world
16:27:35.224 [FXGL Background Thread 4 ] DEBUG FXGLApplication      - Initializing game
16:27:35.225 [JavaFX Application Thread] DEBUG FXGLApplication      - Registering font factories with UI factory
16:27:35.263 [FXGL Background Thread 4 ] WARN  TMXLevelLoader       - TiledMap generated from 1.10.2. Supported version: 1.9.0. Some features may not be parsed fully.
16:27:35.272 [FXGL Background Thread 4 ] DEBUG TMXLevelLoader       - Parsed TiledMap: file:/D:/JAVA结课作业/demo/target/classes/assets/levels/tmx/地图3.tmx
16:27:35.275 [FXGL Background Thread 4 ] DEBUG TMXLevelLoader       - Creating tile layer entities
16:27:35.278 [FXGL Background Thread 4 ] DEBUG TilesetLoader        - Loading view for layer 图块层 1
16:27:35.279 [FXGL Background Thread 4 ] DEBUG TilesetLoader        - Created buffer with size 960.0x720.0
16:27:35.288 [FXGL Background Thread 4 ] DEBUG TMXLevelLoader       - Creating object layer entities
16:27:35.339 [FXGL Background Thread 4 ] DEBUG GameWorld            - Clearing removable entities
16:27:35.342 [FXGL Background Thread 4 ] DEBUG GameWorld            - Setting level: com.almasb.fxgl.entity.level.Level@6e7ce5f
16:27:35.404 [FXGL Background Thread 4 ] DEBUG FXGLAssetLoaderServi - Loading from file system: file:/D:/JAVA结课作业/demo/target/classes/assets/textures/player.PNG
16:27:35.418 [FXGL Background Thread 4 ] INFO  FXGLApplication      - Game initialization took: 0.193 sec
16:27:35.418 [JavaFX Application Thread] DEBUG Input                - Clearing active input actions
16:27:35.426 [JavaFX Application Thread] DEBUG GameApplicationServi - Removing overlay from FXGLLoadingScene and adding to GameScene
16:27:35.426 [JavaFX Application Thread] DEBUG PrimaryStageWindow   - FXGLLoadingScene -> GameScene
16:27:37.142 [JavaFX Application Thread] DEBUG PrimaryStageWindow   - Push state: PlantScene
16:27:37.142 [JavaFX Application Thread] DEBUG Input                - Clearing active input actions
16:27:37.145 [JavaFX Application Thread] DEBUG GameApplicationServi - Removing overlay from GameScene and adding to PlantScene
16:27:37.145 [JavaFX Application Thread] DEBUG PrimaryStageWindow   - GameScene -> PlantScene
16:27:38.033 [FXGL Background Thread 3 ] DEBUG Engine               - Logging environment variables
16:27:38.034 [FXGL Background Thread 3 ] DEBUG Engine               - achievements: []
16:27:38.034 [FXGL Background Thread 3 ] DEBUG Engine               - actualHeight: 720.0
16:27:38.034 [FXGL Background Thread 3 ] DEBUG Engine               - actualHeightProperty: ReadOnlyDoubleProperty [value: 720.0]
16:27:38.034 [FXGL Background Thread 3 ] DEBUG Engine               - actualWidth: 960.0
16:27:38.034 [FXGL Background Thread 3 ] DEBUG Engine               - actualWidthProperty: ReadOnlyDoubleProperty [value: 960.0]
16:27:38.034 [FXGL Background Thread 3 ] DEBUG Engine               - appIcon: fxgl_icon.png
16:27:38.034 [FXGL Background Thread 3 ] DEBUG Engine               - applicationMode: DEVELOPER
16:27:38.034 [FXGL Background Thread 3 ] DEBUG Engine               - cSSList: [fxgl_dark.css]
16:27:38.034 [FXGL Background Thread 3 ] DEBUG Engine               - collisionDetectionStrategy: BRUTE_FORCE
16:27:38.034 [FXGL Background Thread 3 ] DEBUG Engine               - configClass: Optional.empty
16:27:38.034 [FXGL Background Thread 3 ] DEBUG Engine               - credits: []
16:27:38.035 [FXGL Background Thread 3 ] DEBUG Engine               - defaultCursor: CursorInfo(imageName=fxgl_default_cursor.png, hotspotX=7.0, hotspotY=6.0)
16:27:38.035 [FXGL Background Thread 3 ] DEBUG Engine               - devBBoxColorProperty: ObjectProperty [value: 0xff0000ff]
16:27:38.035 [FXGL Background Thread 3 ] DEBUG Engine               - devEnableDebugCameraProperty: BooleanProperty [value: false]
16:27:38.035 [FXGL Background Thread 3 ] DEBUG Engine               - devSensorColorProperty: ObjectProperty [value: 0xffff00ff]
16:27:38.035 [FXGL Background Thread 3 ] DEBUG Engine               - devShowBBoxProperty: BooleanProperty [value: false]
16:27:38.036 [FXGL Background Thread 3 ] DEBUG Engine               - devShowPositionProperty: BooleanProperty [value: false]
16:27:38.036 [FXGL Background Thread 3 ] DEBUG Engine               - enabledMenuItems: []
16:27:38.036 [FXGL Background Thread 3 ] DEBUG Engine               - engineServices: [class com.almasb.fxgl.app.services.FXGLAssetLoaderService, class com.almasb.fxgl.app.FXGLApplication$GameApplicationService, class com.almasb.fxgl.app.services.FXGLDialogService, class com.almasb.fxgl.app.services.IOTaskExecutorService, class com.almasb.fxgl.io.FileSystemService, class com.almasb.fxgl.localization.LocalizationService, class com.almasb.fxgl.app.services.SystemBundleService, class com.almasb.fxgl.profile.SaveLoadService, class com.almasb.fxgl.ui.FXGLUIFactoryServiceProvider, class com.almasb.fxgl.ui.FXGLDialogFactoryServiceProvider, class com.almasb.fxgl.audio.AudioPlayer, class com.almasb.fxgl.notification.impl.NotificationServiceProvider, class com.almasb.fxgl.achievement.AchievementService, class com.almasb.fxgl.cutscene.CutsceneService, class com.almasb.fxgl.minigames.MiniGameService, class com.almasb.fxgl.net.NetService, class com.almasb.fxgl.app.services.UpdaterService, class com.almasb.fxgl.dev.DevService]
16:27:38.036 [FXGL Background Thread 3 ] DEBUG Engine               - fontGame: Abel-Regular.ttf
16:27:38.036 [FXGL Background Thread 3 ] DEBUG Engine               - fontMono: TerminalLandMono-Regular.otf
16:27:38.036 [FXGL Background Thread 3 ] DEBUG Engine               - fontText: Courier-Prime.ttf
16:27:38.036 [FXGL Background Thread 3 ] DEBUG Engine               - fontUI: VarelaRound-Regular.ttf
16:27:38.036 [FXGL Background Thread 3 ] DEBUG Engine               - fullScreen: BooleanProperty [value: false]
16:27:38.036 [FXGL Background Thread 3 ] DEBUG Engine               - gameDifficulty: MEDIUM
16:27:38.036 [FXGL Background Thread 3 ] DEBUG Engine               - gameDifficultyProperty: ObjectProperty [value: MEDIUM]
16:27:38.036 [FXGL Background Thread 3 ] DEBUG Engine               - globalMusicVolume: 0.5
16:27:38.036 [FXGL Background Thread 3 ] DEBUG Engine               - globalMusicVolumeProperty: DoubleProperty [value: 0.5]
16:27:38.036 [FXGL Background Thread 3 ] DEBUG Engine               - globalSoundVolume: 0.5
16:27:38.036 [FXGL Background Thread 3 ] DEBUG Engine               - globalSoundVolumeProperty: DoubleProperty [value: 0.5]
16:27:38.036 [FXGL Background Thread 3 ] DEBUG Engine               - height: 720
16:27:38.036 [FXGL Background Thread 3 ] DEBUG Engine               - is3D: false
16:27:38.036 [FXGL Background Thread 3 ] DEBUG Engine               - isAndroid: false
16:27:38.036 [FXGL Background Thread 3 ] DEBUG Engine               - isBrowser: false
16:27:38.036 [FXGL Background Thread 3 ] DEBUG Engine               - isClickFeedbackEnabled: false
16:27:38.038 [FXGL Background Thread 3 ] DEBUG Engine               - isCloseConfirmation: false
16:27:38.038 [FXGL Background Thread 3 ] DEBUG Engine               - isDesktop: true
16:27:38.038 [FXGL Background Thread 3 ] DEBUG Engine               - isDeveloperMenuEnabled: false
16:27:38.038 [FXGL Background Thread 3 ] DEBUG Engine               - isEmbedded: false
16:27:38.039 [FXGL Background Thread 3 ] DEBUG Engine               - isEntityPreloadEnabled: true
16:27:38.039 [FXGL Background Thread 3 ] DEBUG Engine               - isExperimentalTiledLargeMap: false
16:27:38.039 [FXGL Background Thread 3 ] DEBUG Engine               - isFileSystemWriteAllowed: true
16:27:38.039 [FXGL Background Thread 3 ] DEBUG Engine               - isFullScreenAllowed: false
16:27:38.039 [FXGL Background Thread 3 ] DEBUG Engine               - isFullScreenFromStart: false
16:27:38.039 [FXGL Background Thread 3 ] DEBUG Engine               - isGameMenuEnabled: true
16:27:38.039 [FXGL Background Thread 3 ] DEBUG Engine               - isIOS: false
16:27:38.039 [FXGL Background Thread 3 ] DEBUG Engine               - isIntroEnabled: false
16:27:38.039 [FXGL Background Thread 3 ] DEBUG Engine               - isLinux: false
16:27:38.039 [FXGL Background Thread 3 ] DEBUG Engine               - isMac: false
16:27:38.039 [FXGL Background Thread 3 ] DEBUG Engine               - isMainMenuEnabled: false
16:27:38.039 [FXGL Background Thread 3 ] DEBUG Engine               - isManualResizeEnabled: false
16:27:38.039 [FXGL Background Thread 3 ] DEBUG Engine               - isMobile: false
16:27:38.039 [FXGL Background Thread 3 ] DEBUG Engine               - isNative: false
16:27:38.039 [FXGL Background Thread 3 ] DEBUG Engine               - isPauseMusicWhenMinimized: true
16:27:38.039 [FXGL Background Thread 3 ] DEBUG Engine               - isPreserveResizeRatio: false
16:27:38.039 [FXGL Background Thread 3 ] DEBUG Engine               - isProfilingEnabled: false
16:27:38.039 [FXGL Background Thread 3 ] DEBUG Engine               - isScaleAffectedOnResize: true
16:27:38.039 [FXGL Background Thread 3 ] DEBUG Engine               - isSingleStep: false
16:27:38.039 [FXGL Background Thread 3 ] DEBUG Engine               - isUserProfileEnabled: false
16:27:38.039 [FXGL Background Thread 3 ] DEBUG Engine               - isWindows: true
16:27:38.039 [FXGL Background Thread 3 ] DEBUG Engine               - language: ObjectProperty [value: ENGLISH]
16:27:38.039 [FXGL Background Thread 3 ] DEBUG Engine               - menuKey: ESCAPE
16:27:38.039 [FXGL Background Thread 3 ] DEBUG Engine               - mouseSensitivity: 0.2
16:27:38.039 [FXGL Background Thread 3 ] DEBUG Engine               - notificationViewClass: class com.almasb.fxgl.notification.view.XboxNotificationView
16:27:38.039 [FXGL Background Thread 3 ] DEBUG Engine               - pixelsPerMeter: 50.0
16:27:38.039 [FXGL Background Thread 3 ] DEBUG Engine               - platform: WINDOWS
16:27:38.039 [FXGL Background Thread 3 ] DEBUG Engine               - prefHeightProperty: ReadOnlyDoubleProperty [value: 720.0]
16:27:38.040 [FXGL Background Thread 3 ] DEBUG Engine               - prefWidthProperty: ReadOnlyDoubleProperty [value: 960.0]
16:27:38.040 [FXGL Background Thread 3 ] DEBUG Engine               - profileDir: profiles/
16:27:38.040 [FXGL Background Thread 3 ] DEBUG Engine               - profileName: StringProperty [value: DEFAULT]
16:27:38.040 [FXGL Background Thread 3 ] DEBUG Engine               - randomSeed: -1
16:27:38.040 [FXGL Background Thread 3 ] DEBUG Engine               - runtimeInfo: RuntimeInfo(platform=WINDOWS, version=17.2, build=20.08.2022 16.50)
16:27:38.040 [FXGL Background Thread 3 ] DEBUG Engine               - saveFileExt: sav
16:27:38.040 [FXGL Background Thread 3 ] DEBUG Engine               - scaledHeightProp$fxgl: DoubleProperty [bound, value: 720.0]
16:27:38.040 [FXGL Background Thread 3 ] DEBUG Engine               - scaledWidthProp$fxgl: DoubleProperty [bound, value: 960.0]
16:27:38.040 [FXGL Background Thread 3 ] DEBUG Engine               - sceneFactory: com.almasb.fxgl.app.scene.SceneFactory@7a23dbce
16:27:38.040 [FXGL Background Thread 3 ] DEBUG Engine               - secondsIn24h: 60
16:27:38.040 [FXGL Background Thread 3 ] DEBUG Engine               - soundMenuBack: menu/back.wav
16:27:38.040 [FXGL Background Thread 3 ] DEBUG Engine               - soundMenuPress: menu/press.wav
16:27:38.040 [FXGL Background Thread 3 ] DEBUG Engine               - soundMenuSelect: menu/select.wav
16:27:38.040 [FXGL Background Thread 3 ] DEBUG Engine               - soundNotification: core/notification.wav
16:27:38.040 [FXGL Background Thread 3 ] DEBUG Engine               - stageStyle: DECORATED
16:27:38.040 [FXGL Background Thread 3 ] DEBUG Engine               - supportedLanguages: [ENGLISH, FRENCH, GERMAN, HUNGARIAN, RUSSIAN]
16:27:38.040 [FXGL Background Thread 3 ] DEBUG Engine               - ticksPerSecond: -1
16:27:38.040 [FXGL Background Thread 3 ] DEBUG Engine               - title: Basic Game Sample
16:27:38.040 [FXGL Background Thread 3 ] DEBUG Engine               - urlGithub: https://github.com/AlmasB/FXGL
16:27:38.040 [FXGL Background Thread 3 ] DEBUG Engine               - urlLeaderboard: http://fxgl-top.herokuapp.com/
16:27:38.040 [FXGL Background Thread 3 ] DEBUG Engine               - urlPOM: https://raw.githubusercontent.com/AlmasB/FXGL/release/README.md
16:27:38.040 [FXGL Background Thread 3 ] DEBUG Engine               - userAppClass: class com.TianYaNing.BasicGameSample.BasicGameSample
16:27:38.040 [FXGL Background Thread 3 ] DEBUG Engine               - version: 0.1
16:27:38.040 [FXGL Background Thread 3 ] DEBUG Engine               - versionCheckDays: 7
16:27:38.040 [FXGL Background Thread 3 ] DEBUG Engine               - width: 960
16:27:38.040 [FXGL Background Thread 3 ] DEBUG Engine               - Logging services
16:27:38.040 [FXGL Background Thread 3 ] DEBUG Engine               - class com.almasb.fxgl.app.services.FXGLAssetLoaderService
16:27:38.040 [FXGL Background Thread 3 ] DEBUG Engine               - class com.almasb.fxgl.app.FXGLApplication$GameApplicationService
16:27:38.040 [FXGL Background Thread 3 ] DEBUG Engine               - class com.almasb.fxgl.app.services.FXGLDialogService
16:27:38.040 [FXGL Background Thread 3 ] DEBUG Engine               - class com.almasb.fxgl.app.services.IOTaskExecutorService
16:27:38.041 [FXGL Background Thread 3 ] DEBUG Engine               - class com.almasb.fxgl.io.FileSystemService
16:27:38.041 [FXGL Background Thread 3 ] DEBUG Engine               - class com.almasb.fxgl.localization.LocalizationService
16:27:38.041 [FXGL Background Thread 3 ] DEBUG Engine               - class com.almasb.fxgl.app.services.SystemBundleService
16:27:38.041 [FXGL Background Thread 3 ] DEBUG Engine               - class com.almasb.fxgl.profile.SaveLoadService
16:27:38.041 [FXGL Background Thread 3 ] DEBUG Engine               - class com.almasb.fxgl.ui.FXGLUIFactoryServiceProvider
16:27:38.041 [FXGL Background Thread 3 ] DEBUG Engine               - class com.almasb.fxgl.ui.FXGLDialogFactoryServiceProvider
16:27:38.041 [FXGL Background Thread 3 ] DEBUG Engine               - class com.almasb.fxgl.audio.AudioPlayer
16:27:38.041 [FXGL Background Thread 3 ] DEBUG Engine               - class com.almasb.fxgl.notification.impl.NotificationServiceProvider
16:27:38.041 [FXGL Background Thread 3 ] DEBUG Engine               - class com.almasb.fxgl.achievement.AchievementService
16:27:38.041 [FXGL Background Thread 3 ] DEBUG Engine               - class com.almasb.fxgl.cutscene.CutsceneService
16:27:38.041 [FXGL Background Thread 3 ] DEBUG Engine               - class com.almasb.fxgl.minigames.MiniGameService
16:27:38.041 [FXGL Background Thread 3 ] DEBUG Engine               - class com.almasb.fxgl.net.NetService
16:27:38.041 [FXGL Background Thread 3 ] DEBUG Engine               - class com.almasb.fxgl.app.services.UpdaterService
16:27:38.041 [FXGL Background Thread 3 ] DEBUG Engine               - class com.almasb.fxgl.dev.DevService
16:27:38.176 [JavaFX Application Thread] DEBUG FXGLAssetLoaderServi - Loading from file system: file:/D:/JAVA结课作业/demo/target/classes/assets/textures/wild%20pansy%201.png
16:27:39.256 [JavaFX Application Thread] DEBUG PrimaryStageWindow   - Pop state: PlantScene
16:27:39.256 [JavaFX Application Thread] DEBUG Input                - Clearing active input actions
16:27:39.261 [JavaFX Application Thread] DEBUG GameApplicationServi - Removing overlay from PlantScene and adding to GameScene
16:27:39.263 [JavaFX Application Thread] DEBUG PrimaryStageWindow   - GameScene <- PlantScene
16:27:44.319 [JavaFX Application Thread] DEBUG FXGLAssetLoaderServi - Loading from file system: file:/D:/JAVA结课作业/demo/target/classes/assets/textures/wild%20pansy%202.png
16:27:49.245 [JavaFX Application Thread] DEBUG FXGLAssetLoaderServi - Loading from file system: file:/D:/JAVA结课作业/demo/target/classes/assets/textures/wild%20pansy%203.png
16:27:54.190 [JavaFX Application Thread] DEBUG FXGLAssetLoaderServi - Loading from file system: file:/D:/JAVA结课作业/demo/target/classes/assets/textures/wild%20pansy%204.png
16:27:54.399 [FXGL Background Thread 2 ] WARN  UpdaterService       - Failed to find updates: java.net.SocketException: 由于连接方在一段时间后没有正确答复或连接的主机没有反应，连接尝试失败。
16:27:59.132 [JavaFX Application Thread] DEBUG FXGLAssetLoaderServi - Loading from file system: file:/D:/JAVA结课作业/demo/target/classes/assets/textures/wild%20pansy%205.png
16:28:01.897 [JavaFX Application Thread] DEBUG PrimaryStageWindow   - Push state: HarvestScene
16:28:01.897 [JavaFX Application Thread] DEBUG Input                - Clearing active input actions
16:28:01.897 [JavaFX Application Thread] DEBUG GameApplicationServi - Removing overlay from GameScene and adding to HarvestScene
16:28:01.898 [JavaFX Application Thread] DEBUG PrimaryStageWindow   - GameScene -> HarvestScene
16:28:03.991 [JavaFX Application Thread] DEBUG PrimaryStageWindow   - Pop state: HarvestScene
16:28:03.992 [JavaFX Application Thread] DEBUG Input                - Clearing active input actions
16:28:03.992 [JavaFX Application Thread] DEBUG GameApplicationServi - Removing overlay from HarvestScene and adding to GameScene
16:28:03.992 [JavaFX Application Thread] DEBUG PrimaryStageWindow   - GameScene <- HarvestScene
16:28:05.301 [JavaFX Application Thread] DEBUG PrimaryStageWindow   - Push state: IdentityScene
16:28:05.301 [JavaFX Application Thread] DEBUG Input                - Clearing active input actions
16:28:05.303 [JavaFX Application Thread] DEBUG GameApplicationServi - Removing overlay from GameScene and adding to IdentityScene
16:28:05.303 [JavaFX Application Thread] DEBUG PrimaryStageWindow   - GameScene -> IdentityScene
16:28:06.690 [JavaFX Application Thread] DEBUG PrimaryStageWindow   - Pop state: IdentityScene
16:28:06.690 [JavaFX Application Thread] DEBUG Input                - Clearing active input actions
16:28:06.691 [JavaFX Application Thread] DEBUG GameApplicationServi - Removing overlay from IdentityScene and adding to GameScene
16:28:06.691 [JavaFX Application Thread] DEBUG PrimaryStageWindow   - GameScene <- IdentityScene
16:28:08.420 [JavaFX Application Thread] DEBUG PrimaryStageWindow   - Push state: BagScene
16:28:08.420 [JavaFX Application Thread] DEBUG Input                - Clearing active input actions
16:28:08.420 [JavaFX Application Thread] DEBUG GameApplicationServi - Removing overlay from GameScene and adding to BagScene
16:28:08.420 [JavaFX Application Thread] DEBUG PrimaryStageWindow   - GameScene -> BagScene
16:28:10.408 [JavaFX Application Thread] DEBUG PrimaryStageWindow   - Pop state: BagScene
16:28:10.408 [JavaFX Application Thread] DEBUG Input                - Clearing active input actions
16:28:10.408 [JavaFX Application Thread] DEBUG GameApplicationServi - Removing overlay from BagScene and adding to GameScene
16:28:10.408 [JavaFX Application Thread] DEBUG PrimaryStageWindow   - GameScene <- BagScene
16:28:11.134 [JavaFX Application Thread] DEBUG PrimaryStageWindow   - Push state: ShopScene
16:28:11.134 [JavaFX Application Thread] DEBUG Input                - Clearing active input actions
16:28:11.134 [JavaFX Application Thread] DEBUG GameApplicationServi - Removing overlay from GameScene and adding to ShopScene
16:28:11.134 [JavaFX Application Thread] DEBUG PrimaryStageWindow   - GameScene -> ShopScene
16:28:17.912 [JavaFX Application Thread] DEBUG PrimaryStageWindow   - Pop state: ShopScene
16:28:17.912 [JavaFX Application Thread] DEBUG Input                - Clearing active input actions
16:28:17.913 [JavaFX Application Thread] DEBUG GameApplicationServi - Removing overlay from ShopScene and adding to GameScene
16:28:17.913 [JavaFX Application Thread] DEBUG PrimaryStageWindow   - GameScene <- ShopScene
16:28:19.710 [JavaFX Application Thread] DEBUG FXGLApplication      - Exiting FXGL
16:28:19.710 [JavaFX Application Thread] DEBUG LoopRunner           - Stopping loop
16:28:19.710 [JavaFX Application Thread] DEBUG SystemBundleService  - Saving FXGL system data
16:28:19.712 [JavaFX Application Thread] DEBUG FileSystemAccess     - Writing to: D:\JAVA结课作业\demo\system\fxgl.bundle
16:28:19.714 [JavaFX Application Thread] DEBUG Async                - Shutting down background threads
16:28:19.714 [JavaFX Application Thread] DEBUG PrimaryStageWindow   - Closing main window
16:28:19.721 [JavaFX Application Thread] DEBUG Logger               - Closing Logger
